This file contains any messages produced by compilers while
running configure, to aid debugging if configure makes a mistake.

It was created by LibTIFF Software configure 3.9.4, which was
generated by GNU Autoconf 2.65.  Invocation command line was

  $ ./configure --with-apple-opengl-framework --disable-pixarlog --enable-cxx CFLAGS=-arch i386 CPPFLAGS=-arch i386 LDFLAGS=-arch i386

## --------- ##
## Platform. ##
## --------- ##

hostname = ma013239.ads.eso.org
uname -m = i386
uname -r = 10.4.0
uname -s = Darwin
uname -v = Darwin Kernel Version 10.4.0: Fri Apr 23 18:28:53 PDT 2010; root:xnu-1504.7.4~1/RELEASE_I386

/usr/bin/uname -p = i386
/bin/uname -X     = unknown

/bin/arch              = unknown
/usr/bin/arch -k       = unknown
/usr/convex/getsysinfo = unknown
/usr/bin/hostinfo      = Mach kernel version:
	 Darwin Kernel Version 10.4.0: Fri Apr 23 18:28:53 PDT 2010; root:xnu-1504.7.4~1/RELEASE_I386
Kernel configured for up to 8 processors.
8 processors are physically available.
8 processors are logically available.
Processor type: i486 (Intel 80486)
Processors active: 0 1 2 3 4 5 6 7
Primary memory available: 8.00 gigabytes
Default processor set: 91 tasks, 520 threads, 8 processors
Load average: 0.36, Mach factor: 7.63
/bin/machine           = unknown
/usr/bin/oslevel       = unknown
/bin/universe          = unknown

PATH: /usr/local/mysql/bin
PATH: /Library/Frameworks/Python.framework/Versions/Current/bin
PATH: /opt/local/bin
PATH: /opt/local/sbin
PATH: /sw/bin
PATH: /sw/sbin
PATH: /Applications/scisoft//i386/bin
PATH: /Applications/scisoft//all/bin
PATH: /usr/bin
PATH: /bin
PATH: /usr/sbin
PATH: /sbin
PATH: /usr/local/bin
PATH: /usr/texbin
PATH: /usr/X11/bin
PATH: /Applications/scisoft//i386/bin
PATH: /Applications/scisoft//all/bin
PATH: /usr/X11R6/bin


## ----------- ##
## Core tests. ##
## ----------- ##

configure:2697: checking build system type
configure:2711: result: i386-apple-darwin10.4.0
configure:2731: checking host system type
configure:2744: result: i386-apple-darwin10.4.0
configure:2764: checking target system type
configure:2777: result: i386-apple-darwin10.4.0
configure:2820: checking for a BSD-compatible install
configure:2888: result: /opt/local/bin/ginstall -c
configure:2899: checking whether build environment is sane
configure:2949: result: yes
configure:3090: checking for a thread-safe mkdir -p
configure:3129: result: /opt/local/bin/gmkdir -p
configure:3142: checking for gawk
configure:3158: found /opt/local/bin/gawk
configure:3169: result: gawk
configure:3180: checking whether make sets $(MAKE)
configure:3202: result: yes
configure:3283: checking whether to enable maintainer-specific portions of Makefiles
configure:3292: result: no
configure:3335: checking whether build environment is sane
configure:3385: result: yes
configure:3436: checking for gcc
configure:3463: result: cc
configure:3692: checking for C compiler version
configure:3701: cc --version >&5
i686-apple-darwin10-gcc-4.2.1 (GCC) 4.2.1 (Apple Inc. build 5664)
Copyright (C) 2007 Free Software Foundation, Inc.
This is free software; see the source for copying conditions.  There is NO
warranty; not even for MERCHANTABILITY or FITNESS FOR A PARTICULAR PURPOSE.

configure:3712: $? = 0
configure:3701: cc -v >&5
Using built-in specs.
Target: i686-apple-darwin10
Configured with: /var/tmp/gcc/gcc-5664~38/src/configure --disable-checking --enable-werror --prefix=/usr --mandir=/share/man --enable-languages=c,objc,c++,obj-c++ --program-transform-name=/^[cg][^.-]*$/s/$/-4.2/ --with-slibdir=/usr/lib --build=i686-apple-darwin10 --program-prefix=i686-apple-darwin10- --host=x86_64-apple-darwin10 --target=i686-apple-darwin10 --with-gxx-include-dir=/include/c++/4.2.1
Thread model: posix
gcc version 4.2.1 (Apple Inc. build 5664)
configure:3712: $? = 0
configure:3701: cc -V >&5
gcc-4.2: argument to `-V' is missing
configure:3712: $? = 1
configure:3701: cc -qversion >&5
i686-apple-darwin10-gcc-4.2.1: no input files
configure:3712: $? = 1
configure:3732: checking whether the C compiler works
configure:3754: cc -arch i386 -arch i386 -arch i386 conftest.c  >&5
configure:3758: $? = 0
configure:3807: result: yes
configure:3810: checking for C compiler default output file name
configure:3812: result: a.out
configure:3818: checking for suffix of executables
configure:3825: cc -o conftest -arch i386 -arch i386 -arch i386 conftest.c  >&5
configure:3829: $? = 0
configure:3851: result: 
configure:3873: checking whether we are cross compiling
configure:3881: cc -o conftest -arch i386 -arch i386 -arch i386 conftest.c  >&5
configure:3885: $? = 0
configure:3892: ./conftest
configure:3896: $? = 0
configure:3911: result: no
configure:3916: checking for suffix of object files
configure:3938: cc -c -arch i386 -arch i386 conftest.c >&5
configure:3942: $? = 0
configure:3963: result: o
configure:3967: checking whether we are using the GNU C compiler
configure:3986: cc -c -arch i386 -arch i386 conftest.c >&5
configure:3986: $? = 0
configure:3995: result: yes
configure:4004: checking whether cc accepts -g
configure:4024: cc -c -g -arch i386 conftest.c >&5
configure:4024: $? = 0
configure:4065: result: yes
configure:4082: checking for cc option to accept ISO C89
configure:4146: cc  -c -arch i386 -arch i386 conftest.c >&5
configure:4146: $? = 0
configure:4159: result: none needed
configure:4190: checking for style of include used by make
configure:4218: result: GNU
configure:4243: checking dependency style of cc
configure:4353: result: gcc3
configure:4372: checking for cc option to accept ISO C99
configure:4521: cc  -c -arch i386 -arch i386 conftest.c >&5
conftest.c:61: error: expected ';', ',' or ')' before 'text'
conftest.c: In function 'main':
conftest.c:115: error: nested functions are disabled, use -fnested-functions to re-enable
conftest.c:115: error: expected '=', ',', ';', 'asm' or '__attribute__' before 'newvar'
conftest.c:115: error: 'newvar' undeclared (first use in this function)
conftest.c:115: error: (Each undeclared identifier is reported only once
conftest.c:115: error: for each function it appears in.)
conftest.c:125: error: 'for' loop initial declaration used outside C99 mode
configure:4521: $? = 1
configure: failed program was:
| /* confdefs.h */
| #define PACKAGE_NAME "LibTIFF Software"
| #define PACKAGE_TARNAME "tiff"
| #define PACKAGE_VERSION "3.9.4"
| #define PACKAGE_STRING "LibTIFF Software 3.9.4"
| #define PACKAGE_BUGREPORT "tiff@lists.maptools.org"
| #define PACKAGE_URL ""
| #define PACKAGE "tiff"
| #define VERSION "3.9.4"
| /* end confdefs.h.  */
| #include <stdarg.h>
| #include <stdbool.h>
| #include <stdlib.h>
| #include <wchar.h>
| #include <stdio.h>
| 
| // Check varargs macros.  These examples are taken from C99 6.10.3.5.
| #define debug(...) fprintf (stderr, __VA_ARGS__)
| #define showlist(...) puts (#__VA_ARGS__)
| #define report(test,...) ((test) ? puts (#test) : printf (__VA_ARGS__))
| static void
| test_varargs_macros (void)
| {
|   int x = 1234;
|   int y = 5678;
|   debug ("Flag");
|   debug ("X = %d\n", x);
|   showlist (The first, second, and third items.);
|   report (x>y, "x is %d but y is %d", x, y);
| }
| 
| // Check long long types.
| #define BIG64 18446744073709551615ull
| #define BIG32 4294967295ul
| #define BIG_OK (BIG64 / BIG32 == 4294967297ull && BIG64 % BIG32 == 0)
| #if !BIG_OK
|   your preprocessor is broken;
| #endif
| #if BIG_OK
| #else
|   your preprocessor is broken;
| #endif
| static long long int bignum = -9223372036854775807LL;
| static unsigned long long int ubignum = BIG64;
| 
| struct incomplete_array
| {
|   int datasize;
|   double data[];
| };
| 
| struct named_init {
|   int number;
|   const wchar_t *name;
|   double average;
| };
| 
| typedef const char *ccp;
| 
| static inline int
| test_restrict (ccp restrict text)
| {
|   // See if C++-style comments work.
|   // Iterate through items via the restricted pointer.
|   // Also check for declarations in for loops.
|   for (unsigned int i = 0; *(text+i) != '\0'; ++i)
|     continue;
|   return 0;
| }
| 
| // Check varargs and va_copy.
| static void
| test_varargs (const char *format, ...)
| {
|   va_list args;
|   va_start (args, format);
|   va_list args_copy;
|   va_copy (args_copy, args);
| 
|   const char *str;
|   int number;
|   float fnumber;
| 
|   while (*format)
|     {
|       switch (*format++)
| 	{
| 	case 's': // string
| 	  str = va_arg (args_copy, const char *);
| 	  break;
| 	case 'd': // int
| 	  number = va_arg (args_copy, int);
| 	  break;
| 	case 'f': // float
| 	  fnumber = va_arg (args_copy, double);
| 	  break;
| 	default:
| 	  break;
| 	}
|     }
|   va_end (args_copy);
|   va_end (args);
| }
| 
| int
| main ()
| {
| 
|   // Check bool.
|   _Bool success = false;
| 
|   // Check restrict.
|   if (test_restrict ("String literal") == 0)
|     success = true;
|   char *restrict newvar = "Another string";
| 
|   // Check varargs.
|   test_varargs ("s, d' f .", "string", 65, 34.234);
|   test_varargs_macros ();
| 
|   // Check flexible array members.
|   struct incomplete_array *ia =
|     malloc (sizeof (struct incomplete_array) + (sizeof (double) * 10));
|   ia->datasize = 10;
|   for (int i = 0; i < ia->datasize; ++i)
|     ia->data[i] = i * 1.234;
| 
|   // Check named initializers.
|   struct named_init ni = {
|     .number = 34,
|     .name = L"Test wide string",
|     .average = 543.34343,
|   };
| 
|   ni.number = 58;
| 
|   int dynamic_array[ni.number];
|   dynamic_array[ni.number - 1] = 543;
| 
|   // work around unused variable warnings
|   return (!success || bignum == 0LL || ubignum == 0uLL || newvar[0] == 'x'
| 	  || dynamic_array[ni.number - 1] != 543);
| 
|   ;
|   return 0;
| }
configure:4521: cc -std=gnu99 -c -arch i386 -arch i386 conftest.c >&5
configure:4521: $? = 0
configure:4541: result: -std=gnu99
configure:4643: checking for cc -std=gnu99 option to accept ISO Standard C
configure:4657: result: -std=gnu99
configure:4666: checking how to run the C preprocessor
configure:4697: cc -std=gnu99 -E -arch i386 conftest.c
configure:4697: $? = 0
configure:4711: cc -std=gnu99 -E -arch i386 conftest.c
conftest.c:11:28: error: ac_nonexistent.h: No such file or directory
configure:4711: $? = 1
configure: failed program was:
| /* confdefs.h */
| #define PACKAGE_NAME "LibTIFF Software"
| #define PACKAGE_TARNAME "tiff"
| #define PACKAGE_VERSION "3.9.4"
| #define PACKAGE_STRING "LibTIFF Software 3.9.4"
| #define PACKAGE_BUGREPORT "tiff@lists.maptools.org"
| #define PACKAGE_URL ""
| #define PACKAGE "tiff"
| #define VERSION "3.9.4"
| /* end confdefs.h.  */
| #include <ac_nonexistent.h>
configure:4736: result: cc -std=gnu99 -E
configure:4756: cc -std=gnu99 -E -arch i386 conftest.c
configure:4756: $? = 0
configure:4770: cc -std=gnu99 -E -arch i386 conftest.c
conftest.c:11:28: error: ac_nonexistent.h: No such file or directory
configure:4770: $? = 1
configure: failed program was:
| /* confdefs.h */
| #define PACKAGE_NAME "LibTIFF Software"
| #define PACKAGE_TARNAME "tiff"
| #define PACKAGE_VERSION "3.9.4"
| #define PACKAGE_STRING "LibTIFF Software 3.9.4"
| #define PACKAGE_BUGREPORT "tiff@lists.maptools.org"
| #define PACKAGE_URL ""
| #define PACKAGE "tiff"
| #define VERSION "3.9.4"
| /* end confdefs.h.  */
| #include <ac_nonexistent.h>
configure:4798: checking for a sed that does not truncate output
configure:4862: result: /usr/bin/sed
configure:4880: checking for grep that handles long lines and -e
configure:4938: result: /usr/bin/grep
configure:4943: checking for egrep
configure:5005: result: /usr/bin/grep -E
configure:5010: checking for fgrep
configure:5072: result: /usr/bin/grep -F
configure:5099: checking how to print strings
configure:5126: result: printf
configure:5159: checking for ld used by cc -std=gnu99
configure:5226: result: /usr/libexec/gcc/i686-apple-darwin10/4.2.1/ld
configure:5233: checking if the linker (/usr/libexec/gcc/i686-apple-darwin10/4.2.1/ld) is GNU ld
configure:5248: result: no
configure:5262: checking whether cc -std=gnu99 and cc understand -c and -o together
configure:5293: cc -std=gnu99 -c conftest.c -o conftest2.o >&5
configure:5297: $? = 0
configure:5303: cc -std=gnu99 -c conftest.c -o conftest2.o >&5
configure:5307: $? = 0
configure:5318: cc -c conftest.c >&5
configure:5322: $? = 0
configure:5330: cc -c conftest.c -o conftest2.o >&5
configure:5334: $? = 0
configure:5340: cc -c conftest.c -o conftest2.o >&5
configure:5344: $? = 0
configure:5362: result: yes
configure:5399: checking for ld used by cc -std=gnu99
configure:5466: result: /usr/libexec/gcc/i686-apple-darwin10/4.2.1/ld
configure:5473: checking if the linker (/usr/libexec/gcc/i686-apple-darwin10/4.2.1/ld) is GNU ld
configure:5488: result: no
configure:5505: checking for C compiler warning flags
configure:5597: result: -Wall -W
configure:5601: checking whether make sets $(MAKE)
configure:5623: result: yes
configure:5632: checking whether ln -s works
configure:5636: result: yes
configure:5689: checking for BSD- or MS-compatible name lister (nm)
configure:5738: result: /usr/bin/nm
configure:5868: checking the name lister (/usr/bin/nm) interface
configure:5875: cc -std=gnu99 -c -arch i386 -Wall -W -arch i386 conftest.c >&5
configure:5878: /usr/bin/nm "conftest.o"
configure:5881: output
00000000 D _some_variable
configure:5888: result: BSD nm
configure:5892: checking the maximum length of command line arguments
configure:6017: result: 196608
configure:6034: checking whether the shell understands some XSI constructs
configure:6044: result: yes
configure:6048: checking whether the shell understands "+="
configure:6054: result: yes
configure:6089: checking for /usr/libexec/gcc/i686-apple-darwin10/4.2.1/ld option to reload object files
configure:6096: result: -r
configure:6165: checking for objdump
configure:6195: result: no
configure:6221: checking how to recognize dependent libraries
configure:6423: result: pass_all
configure:6483: checking for ar
configure:6499: found /usr/bin/ar
configure:6510: result: ar
configure:6588: checking for strip
configure:6604: found /usr/bin/strip
configure:6615: result: strip
configure:6687: checking for ranlib
configure:6714: result: ranlib
configure:6816: checking command to parse /usr/bin/nm output from cc -std=gnu99 object
configure:6934: cc -std=gnu99 -c -arch i386 -Wall -W -arch i386 conftest.c >&5
configure:6937: $? = 0
configure:6941: /usr/bin/nm conftest.o \| sed -n -e 's/^.*[ ]\([BCDEGRST][BCDEGRST]*\)[ ][ ]*\([_A-Za-z][_A-Za-z0-9]*\)$/\1 \2 \2/p' \> conftest.nm
configure:6944: $? = 0
cannot find nm_test_var in conftest.nm
configure:6934: cc -std=gnu99 -c -arch i386 -Wall -W -arch i386 conftest.c >&5
configure:6937: $? = 0
configure:6941: /usr/bin/nm conftest.o \| sed -n -e 's/^.*[ ]\([BCDEGRST][BCDEGRST]*\)[ ][ ]*_\([_A-Za-z][_A-Za-z0-9]*\)$/\1 _\2 \2/p' \> conftest.nm
configure:6944: $? = 0
configure:6998: cc -std=gnu99 -o conftest -arch i386 -Wall -W -arch i386 -arch i386 conftest.c conftstm.o >&5
configure:7001: $? = 0
configure:7039: result: ok
configure:7304: checking for dsymutil
configure:7320: found /usr/bin/dsymutil
configure:7331: result: dsymutil
configure:7396: checking for nmedit
configure:7412: found /usr/bin/nmedit
configure:7423: result: nmedit
configure:7488: checking for lipo
configure:7504: found /usr/bin/lipo
configure:7515: result: lipo
configure:7580: checking for otool
configure:7596: found /usr/bin/otool
configure:7607: result: otool
configure:7672: checking for otool64
configure:7702: result: no
configure:7747: checking for -single_module linker flag
cc -std=gnu99 -arch i386 -Wall -W -arch i386 -o libconftest.dylib -dynamiclib -Wl,-single_module conftest.c
configure:7774: result: yes
configure:7776: checking for -exported_symbols_list linker flag
configure:7796: cc -std=gnu99 -o conftest -arch i386 -Wall -W -arch i386 -arch i386 -Wl,-exported_symbols_list,conftest.sym conftest.c  >&5
configure:7796: $? = 0
configure:7806: result: yes
configure:7808: checking for -force_load linker flag
cc -std=gnu99 -arch i386 -Wall -W -c -o conftest.o conftest.c
ar cru libconftest.a conftest.o
ranlib libconftest.a
cc -std=gnu99 -arch i386 -Wall -W -arch i386 -o conftest conftest.c -Wl,-force_load,./libconftest.a
configure:7838: result: yes
configure:7876: checking for ANSI C header files
configure:7896: cc -std=gnu99 -c -arch i386 -Wall -W -arch i386 conftest.c >&5
configure:7896: $? = 0
configure:7969: cc -std=gnu99 -o conftest -arch i386 -Wall -W -arch i386 -arch i386 conftest.c  >&5
configure:7969: $? = 0
configure:7969: ./conftest
configure:7969: $? = 0
configure:7980: result: yes
configure:7993: checking for sys/types.h
configure:7993: cc -std=gnu99 -c -arch i386 -Wall -W -arch i386 conftest.c >&5
configure:7993: $? = 0
configure:7993: result: yes
configure:7993: checking for sys/stat.h
configure:7993: cc -std=gnu99 -c -arch i386 -Wall -W -arch i386 conftest.c >&5
configure:7993: $? = 0
configure:7993: result: yes
configure:7993: checking for stdlib.h
configure:7993: cc -std=gnu99 -c -arch i386 -Wall -W -arch i386 conftest.c >&5
configure:7993: $? = 0
configure:7993: result: yes
configure:7993: checking for string.h
configure:7993: cc -std=gnu99 -c -arch i386 -Wall -W -arch i386 conftest.c >&5
configure:7993: $? = 0
configure:7993: result: yes
configure:7993: checking for memory.h
configure:7993: cc -std=gnu99 -c -arch i386 -Wall -W -arch i386 conftest.c >&5
configure:7993: $? = 0
configure:7993: result: yes
configure:7993: checking for strings.h
configure:7993: cc -std=gnu99 -c -arch i386 -Wall -W -arch i386 conftest.c >&5
configure:7993: $? = 0
configure:7993: result: yes
configure:7993: checking for inttypes.h
configure:7993: cc -std=gnu99 -c -arch i386 -Wall -W -arch i386 conftest.c >&5
configure:7993: $? = 0
configure:7993: result: yes
configure:7993: checking for stdint.h
configure:7993: cc -std=gnu99 -c -arch i386 -Wall -W -arch i386 conftest.c >&5
configure:7993: $? = 0
configure:7993: result: yes
configure:7993: checking for unistd.h
configure:7993: cc -std=gnu99 -c -arch i386 -Wall -W -arch i386 conftest.c >&5
configure:7993: $? = 0
configure:7993: result: yes
configure:8008: checking for dlfcn.h
configure:8008: cc -std=gnu99 -c -arch i386 -Wall -W -arch i386 conftest.c >&5
configure:8008: $? = 0
configure:8008: result: yes
configure:8493: checking for objdir
configure:8508: result: .libs
configure:8779: checking if cc -std=gnu99 supports -fno-rtti -fno-exceptions
configure:8797: cc -std=gnu99 -c -arch i386 -Wall -W -arch i386 -fno-rtti -fno-exceptions conftest.c >&5
cc1: warning: command line option "-fno-rtti" is valid for C++/ObjC++ but not for C
configure:8801: $? = 0
configure:8814: result: no
configure:8834: checking for cc -std=gnu99 option to produce PIC
configure:9119: result: -fno-common -DPIC
configure:9131: checking if cc -std=gnu99 PIC flag -fno-common -DPIC works
configure:9149: cc -std=gnu99 -c -arch i386 -Wall -W -arch i386 -fno-common -DPIC -DPIC conftest.c >&5
configure:9153: $? = 0
configure:9166: result: yes
configure:9190: checking if cc -std=gnu99 static flag -static works
configure:9218: result: no
configure:9233: checking if cc -std=gnu99 supports -c -o file.o
configure:9254: cc -std=gnu99 -c -arch i386 -Wall -W -arch i386 -o out/conftest2.o conftest.c >&5
configure:9258: $? = 0
configure:9280: result: yes
configure:9288: checking if cc -std=gnu99 supports -c -o file.o
configure:9335: result: yes
configure:9368: checking whether the cc -std=gnu99 linker (/usr/libexec/gcc/i686-apple-darwin10/4.2.1/ld) supports shared libraries
configure:10443: result: yes
configure:10688: checking dynamic linker characteristics
configure:11365: result: darwin10.4.0 dyld
configure:11472: checking how to hardcode library paths into programs
configure:11497: result: immediate
configure:12037: checking whether stripping libraries is possible
configure:12051: result: yes
configure:12077: checking if libtool supports shared libraries
configure:12079: result: yes
configure:12082: checking whether to build shared libraries
configure:12103: result: yes
configure:12106: checking whether to build static libraries
configure:12110: result: yes
configure:12203: checking for g++
configure:12219: found /usr/bin/g++
configure:12230: result: g++
configure:12257: checking for C++ compiler version
configure:12266: g++ --version >&5
i686-apple-darwin10-g++-4.2.1 (GCC) 4.2.1 (Apple Inc. build 5664)
Copyright (C) 2007 Free Software Foundation, Inc.
This is free software; see the source for copying conditions.  There is NO
warranty; not even for MERCHANTABILITY or FITNESS FOR A PARTICULAR PURPOSE.

configure:12277: $? = 0
configure:12266: g++ -v >&5
Using built-in specs.
Target: i686-apple-darwin10
Configured with: /var/tmp/gcc/gcc-5664~38/src/configure --disable-checking --enable-werror --prefix=/usr --mandir=/share/man --enable-languages=c,objc,c++,obj-c++ --program-transform-name=/^[cg][^.-]*$/s/$/-4.2/ --with-slibdir=/usr/lib --build=i686-apple-darwin10 --program-prefix=i686-apple-darwin10- --host=x86_64-apple-darwin10 --target=i686-apple-darwin10 --with-gxx-include-dir=/include/c++/4.2.1
Thread model: posix
gcc version 4.2.1 (Apple Inc. build 5664)
configure:12277: $? = 0
configure:12266: g++ -V >&5
g++-4.2: argument to `-V' is missing
configure:12277: $? = 1
configure:12266: g++ -qversion >&5
i686-apple-darwin10-g++-4.2.1: no input files
configure:12277: $? = 1
configure:12281: checking whether we are using the GNU C++ compiler
configure:12300: g++ -c  -arch i386 conftest.cpp >&5
configure:12300: $? = 0
configure:12309: result: yes
configure:12318: checking whether g++ accepts -g
configure:12338: g++ -c -g -arch i386 conftest.cpp >&5
configure:12338: $? = 0
configure:12379: result: yes
configure:12404: checking dependency style of g++
configure:12514: result: gcc3
configure:12538: checking how to run the C++ preprocessor
configure:12565: g++ -E -arch i386 conftest.cpp
configure:12565: $? = 0
configure:12579: g++ -E -arch i386 conftest.cpp
conftest.cpp:23:28: error: ac_nonexistent.h: No such file or directory
configure:12579: $? = 1
configure: failed program was:
| /* confdefs.h */
| #define PACKAGE_NAME "LibTIFF Software"
| #define PACKAGE_TARNAME "tiff"
| #define PACKAGE_VERSION "3.9.4"
| #define PACKAGE_STRING "LibTIFF Software 3.9.4"
| #define PACKAGE_BUGREPORT "tiff@lists.maptools.org"
| #define PACKAGE_URL ""
| #define PACKAGE "tiff"
| #define VERSION "3.9.4"
| #define STDC_HEADERS 1
| #define HAVE_SYS_TYPES_H 1
| #define HAVE_SYS_STAT_H 1
| #define HAVE_STDLIB_H 1
| #define HAVE_STRING_H 1
| #define HAVE_MEMORY_H 1
| #define HAVE_STRINGS_H 1
| #define HAVE_INTTYPES_H 1
| #define HAVE_STDINT_H 1
| #define HAVE_UNISTD_H 1
| #define HAVE_DLFCN_H 1
| #define LT_OBJDIR ".libs/"
| /* end confdefs.h.  */
| #include <ac_nonexistent.h>
configure:12604: result: g++ -E
configure:12624: g++ -E -arch i386 conftest.cpp
configure:12624: $? = 0
configure:12638: g++ -E -arch i386 conftest.cpp
conftest.cpp:23:28: error: ac_nonexistent.h: No such file or directory
configure:12638: $? = 1
configure: failed program was:
| /* confdefs.h */
| #define PACKAGE_NAME "LibTIFF Software"
| #define PACKAGE_TARNAME "tiff"
| #define PACKAGE_VERSION "3.9.4"
| #define PACKAGE_STRING "LibTIFF Software 3.9.4"
| #define PACKAGE_BUGREPORT "tiff@lists.maptools.org"
| #define PACKAGE_URL ""
| #define PACKAGE "tiff"
| #define VERSION "3.9.4"
| #define STDC_HEADERS 1
| #define HAVE_SYS_TYPES_H 1
| #define HAVE_SYS_STAT_H 1
| #define HAVE_STDLIB_H 1
| #define HAVE_STRING_H 1
| #define HAVE_MEMORY_H 1
| #define HAVE_STRINGS_H 1
| #define HAVE_INTTYPES_H 1
| #define HAVE_STDINT_H 1
| #define HAVE_UNISTD_H 1
| #define HAVE_DLFCN_H 1
| #define LT_OBJDIR ".libs/"
| /* end confdefs.h.  */
| #include <ac_nonexistent.h>
configure:12806: checking for ld used by g++
configure:12873: result: /usr/libexec/gcc/i686-apple-darwin10/4.2.1/ld
configure:12880: checking if the linker (/usr/libexec/gcc/i686-apple-darwin10/4.2.1/ld) is GNU ld
configure:12895: result: no
configure:12950: checking whether the g++ linker (/usr/libexec/gcc/i686-apple-darwin10/4.2.1/ld) supports shared libraries
configure:13882: result: yes
configure:13910: g++ -c -g -O2 -arch i386 conftest.cpp >&5
configure:13913: $? = 0
configure:14095: checking for g++ option to produce PIC
configure:14417: result: -fno-common -DPIC
configure:14426: checking if g++ PIC flag -fno-common -DPIC works
configure:14444: g++ -c -g -O2 -arch i386 -fno-common -DPIC -DPIC conftest.cpp >&5
configure:14448: $? = 0
configure:14461: result: yes
configure:14482: checking if g++ static flag -static works
configure:14510: result: no
configure:14522: checking if g++ supports -c -o file.o
configure:14543: g++ -c -g -O2 -arch i386 -o out/conftest2.o conftest.cpp >&5
configure:14547: $? = 0
configure:14569: result: yes
configure:14574: checking if g++ supports -c -o file.o
configure:14621: result: yes
configure:14651: checking whether the g++ linker (/usr/libexec/gcc/i686-apple-darwin10/4.2.1/ld) supports shared libraries
configure:14679: result: yes
configure:14822: checking dynamic linker characteristics
configure:15433: result: darwin10.4.0 dyld
configure:15486: checking how to hardcode library paths into programs
configure:15511: result: immediate
configure:15565: checking for main in -lc
configure:15584: cc -std=gnu99 -o conftest -arch i386 -Wall -W -arch i386 -arch i386 conftest.c -lc   >&5
configure:15584: $? = 0
configure:15593: result: yes
configure:15660: checking assert.h usability
configure:15660: cc -std=gnu99 -c -arch i386 -Wall -W -arch i386 conftest.c >&5
configure:15660: $? = 0
configure:15660: result: yes
configure:15660: checking assert.h presence
configure:15660: cc -std=gnu99 -E -arch i386 conftest.c
configure:15660: $? = 0
configure:15660: result: yes
configure:15660: checking for assert.h
configure:15660: result: yes
configure:15660: checking fcntl.h usability
configure:15660: cc -std=gnu99 -c -arch i386 -Wall -W -arch i386 conftest.c >&5
configure:15660: $? = 0
configure:15660: result: yes
configure:15660: checking fcntl.h presence
configure:15660: cc -std=gnu99 -E -arch i386 conftest.c
configure:15660: $? = 0
configure:15660: result: yes
configure:15660: checking for fcntl.h
configure:15660: result: yes
configure:15660: checking io.h usability
configure:15660: cc -std=gnu99 -c -arch i386 -Wall -W -arch i386 conftest.c >&5
conftest.c:59:16: error: io.h: No such file or directory
configure:15660: $? = 1
configure: failed program was:
| /* confdefs.h */
| #define PACKAGE_NAME "LibTIFF Software"
| #define PACKAGE_TARNAME "tiff"
| #define PACKAGE_VERSION "3.9.4"
| #define PACKAGE_STRING "LibTIFF Software 3.9.4"
| #define PACKAGE_BUGREPORT "tiff@lists.maptools.org"
| #define PACKAGE_URL ""
| #define PACKAGE "tiff"
| #define VERSION "3.9.4"
| #define STDC_HEADERS 1
| #define HAVE_SYS_TYPES_H 1
| #define HAVE_SYS_STAT_H 1
| #define HAVE_STDLIB_H 1
| #define HAVE_STRING_H 1
| #define HAVE_MEMORY_H 1
| #define HAVE_STRINGS_H 1
| #define HAVE_INTTYPES_H 1
| #define HAVE_STDINT_H 1
| #define HAVE_UNISTD_H 1
| #define HAVE_DLFCN_H 1
| #define LT_OBJDIR ".libs/"
| #define HAVE_LIBC 1
| #define HAVE_ASSERT_H 1
| #define HAVE_FCNTL_H 1
| /* end confdefs.h.  */
| #include <stdio.h>
| #ifdef HAVE_SYS_TYPES_H
| # include <sys/types.h>
| #endif
| #ifdef HAVE_SYS_STAT_H
| # include <sys/stat.h>
| #endif
| #ifdef STDC_HEADERS
| # include <stdlib.h>
| # include <stddef.h>
| #else
| # ifdef HAVE_STDLIB_H
| #  include <stdlib.h>
| # endif
| #endif
| #ifdef HAVE_STRING_H
| # if !defined STDC_HEADERS && defined HAVE_MEMORY_H
| #  include <memory.h>
| # endif
| # include <string.h>
| #endif
| #ifdef HAVE_STRINGS_H
| # include <strings.h>
| #endif
| #ifdef HAVE_INTTYPES_H
| # include <inttypes.h>
| #endif
| #ifdef HAVE_STDINT_H
| # include <stdint.h>
| #endif
| #ifdef HAVE_UNISTD_H
| # include <unistd.h>
| #endif
| #include <io.h>
configure:15660: result: no
configure:15660: checking io.h presence
configure:15660: cc -std=gnu99 -E -arch i386 conftest.c
conftest.c:26:16: error: io.h: No such file or directory
configure:15660: $? = 1
configure: failed program was:
| /* confdefs.h */
| #define PACKAGE_NAME "LibTIFF Software"
| #define PACKAGE_TARNAME "tiff"
| #define PACKAGE_VERSION "3.9.4"
| #define PACKAGE_STRING "LibTIFF Software 3.9.4"
| #define PACKAGE_BUGREPORT "tiff@lists.maptools.org"
| #define PACKAGE_URL ""
| #define PACKAGE "tiff"
| #define VERSION "3.9.4"
| #define STDC_HEADERS 1
| #define HAVE_SYS_TYPES_H 1
| #define HAVE_SYS_STAT_H 1
| #define HAVE_STDLIB_H 1
| #define HAVE_STRING_H 1
| #define HAVE_MEMORY_H 1
| #define HAVE_STRINGS_H 1
| #define HAVE_INTTYPES_H 1
| #define HAVE_STDINT_H 1
| #define HAVE_UNISTD_H 1
| #define HAVE_DLFCN_H 1
| #define LT_OBJDIR ".libs/"
| #define HAVE_LIBC 1
| #define HAVE_ASSERT_H 1
| #define HAVE_FCNTL_H 1
| /* end confdefs.h.  */
| #include <io.h>
configure:15660: result: no
configure:15660: checking for io.h
configure:15660: result: no
configure:15660: checking limits.h usability
configure:15660: cc -std=gnu99 -c -arch i386 -Wall -W -arch i386 conftest.c >&5
configure:15660: $? = 0
configure:15660: result: yes
configure:15660: checking limits.h presence
configure:15660: cc -std=gnu99 -E -arch i386 conftest.c
configure:15660: $? = 0
configure:15660: result: yes
configure:15660: checking for limits.h
configure:15660: result: yes
configure:15660: checking malloc.h usability
configure:15660: cc -std=gnu99 -c -arch i386 -Wall -W -arch i386 conftest.c >&5
conftest.c:60:20: error: malloc.h: No such file or directory
configure:15660: $? = 1
configure: failed program was:
| /* confdefs.h */
| #define PACKAGE_NAME "LibTIFF Software"
| #define PACKAGE_TARNAME "tiff"
| #define PACKAGE_VERSION "3.9.4"
| #define PACKAGE_STRING "LibTIFF Software 3.9.4"
| #define PACKAGE_BUGREPORT "tiff@lists.maptools.org"
| #define PACKAGE_URL ""
| #define PACKAGE "tiff"
| #define VERSION "3.9.4"
| #define STDC_HEADERS 1
| #define HAVE_SYS_TYPES_H 1
| #define HAVE_SYS_STAT_H 1
| #define HAVE_STDLIB_H 1
| #define HAVE_STRING_H 1
| #define HAVE_MEMORY_H 1
| #define HAVE_STRINGS_H 1
| #define HAVE_INTTYPES_H 1
| #define HAVE_STDINT_H 1
| #define HAVE_UNISTD_H 1
| #define HAVE_DLFCN_H 1
| #define LT_OBJDIR ".libs/"
| #define HAVE_LIBC 1
| #define HAVE_ASSERT_H 1
| #define HAVE_FCNTL_H 1
| #define HAVE_LIMITS_H 1
| /* end confdefs.h.  */
| #include <stdio.h>
| #ifdef HAVE_SYS_TYPES_H
| # include <sys/types.h>
| #endif
| #ifdef HAVE_SYS_STAT_H
| # include <sys/stat.h>
| #endif
| #ifdef STDC_HEADERS
| # include <stdlib.h>
| # include <stddef.h>
| #else
| # ifdef HAVE_STDLIB_H
| #  include <stdlib.h>
| # endif
| #endif
| #ifdef HAVE_STRING_H
| # if !defined STDC_HEADERS && defined HAVE_MEMORY_H
| #  include <memory.h>
| # endif
| # include <string.h>
| #endif
| #ifdef HAVE_STRINGS_H
| # include <strings.h>
| #endif
| #ifdef HAVE_INTTYPES_H
| # include <inttypes.h>
| #endif
| #ifdef HAVE_STDINT_H
| # include <stdint.h>
| #endif
| #ifdef HAVE_UNISTD_H
| # include <unistd.h>
| #endif
| #include <malloc.h>
configure:15660: result: no
configure:15660: checking malloc.h presence
configure:15660: cc -std=gnu99 -E -arch i386 conftest.c
conftest.c:27:20: error: malloc.h: No such file or directory
configure:15660: $? = 1
configure: failed program was:
| /* confdefs.h */
| #define PACKAGE_NAME "LibTIFF Software"
| #define PACKAGE_TARNAME "tiff"
| #define PACKAGE_VERSION "3.9.4"
| #define PACKAGE_STRING "LibTIFF Software 3.9.4"
| #define PACKAGE_BUGREPORT "tiff@lists.maptools.org"
| #define PACKAGE_URL ""
| #define PACKAGE "tiff"
| #define VERSION "3.9.4"
| #define STDC_HEADERS 1
| #define HAVE_SYS_TYPES_H 1
| #define HAVE_SYS_STAT_H 1
| #define HAVE_STDLIB_H 1
| #define HAVE_STRING_H 1
| #define HAVE_MEMORY_H 1
| #define HAVE_STRINGS_H 1
| #define HAVE_INTTYPES_H 1
| #define HAVE_STDINT_H 1
| #define HAVE_UNISTD_H 1
| #define HAVE_DLFCN_H 1
| #define LT_OBJDIR ".libs/"
| #define HAVE_LIBC 1
| #define HAVE_ASSERT_H 1
| #define HAVE_FCNTL_H 1
| #define HAVE_LIMITS_H 1
| /* end confdefs.h.  */
| #include <malloc.h>
configure:15660: result: no
configure:15660: checking for malloc.h
configure:15660: result: no
configure:15660: checking search.h usability
configure:15660: cc -std=gnu99 -c -arch i386 -Wall -W -arch i386 conftest.c >&5
configure:15660: $? = 0
configure:15660: result: yes
configure:15660: checking search.h presence
configure:15660: cc -std=gnu99 -E -arch i386 conftest.c
configure:15660: $? = 0
configure:15660: result: yes
configure:15660: checking for search.h
configure:15660: result: yes
configure:15660: checking sys/time.h usability
configure:15660: cc -std=gnu99 -c -arch i386 -Wall -W -arch i386 conftest.c >&5
configure:15660: $? = 0
configure:15660: result: yes
configure:15660: checking sys/time.h presence
configure:15660: cc -std=gnu99 -E -arch i386 conftest.c
configure:15660: $? = 0
configure:15660: result: yes
configure:15660: checking for sys/time.h
configure:15660: result: yes
configure:15660: checking for unistd.h
configure:15660: result: yes
configure:15672: checking for an ANSI C-conforming const
configure:15737: cc -std=gnu99 -c -arch i386 -Wall -W -arch i386 conftest.c >&5
configure:15737: $? = 0
configure:15744: result: yes
configure:15752: checking for inline
configure:15768: cc -std=gnu99 -c -arch i386 -Wall -W -arch i386 conftest.c >&5
configure:15768: $? = 0
configure:15776: result: inline
configure:15794: checking whether byte ordering is bigendian
configure:15809: cc -std=gnu99 -c -arch i386 -Wall -W -arch i386 conftest.c >&5
configure:15809: $? = 0
configure:15854: cc -std=gnu99 -c -arch i386 -Wall -W -arch i386 conftest.c >&5
configure:15854: $? = 0
configure:15872: cc -std=gnu99 -c -arch i386 -Wall -W -arch i386 conftest.c >&5
conftest.c: In function 'main':
conftest.c:37: error: 'not' undeclared (first use in this function)
conftest.c:37: error: (Each undeclared identifier is reported only once
conftest.c:37: error: for each function it appears in.)
conftest.c:37: error: expected ';' before 'big'
configure:15872: $? = 1
configure: failed program was:
| /* confdefs.h */
| #define PACKAGE_NAME "LibTIFF Software"
| #define PACKAGE_TARNAME "tiff"
| #define PACKAGE_VERSION "3.9.4"
| #define PACKAGE_STRING "LibTIFF Software 3.9.4"
| #define PACKAGE_BUGREPORT "tiff@lists.maptools.org"
| #define PACKAGE_URL ""
| #define PACKAGE "tiff"
| #define VERSION "3.9.4"
| #define STDC_HEADERS 1
| #define HAVE_SYS_TYPES_H 1
| #define HAVE_SYS_STAT_H 1
| #define HAVE_STDLIB_H 1
| #define HAVE_STRING_H 1
| #define HAVE_MEMORY_H 1
| #define HAVE_STRINGS_H 1
| #define HAVE_INTTYPES_H 1
| #define HAVE_STDINT_H 1
| #define HAVE_UNISTD_H 1
| #define HAVE_DLFCN_H 1
| #define LT_OBJDIR ".libs/"
| #define HAVE_LIBC 1
| #define HAVE_ASSERT_H 1
| #define HAVE_FCNTL_H 1
| #define HAVE_LIMITS_H 1
| #define HAVE_SEARCH_H 1
| #define HAVE_SYS_TIME_H 1
| #define HAVE_UNISTD_H 1
| /* end confdefs.h.  */
| #include <sys/types.h>
| 		#include <sys/param.h>
| 
| int
| main ()
| {
| #if BYTE_ORDER != BIG_ENDIAN
| 		 not big endian
| 		#endif
| 
|   ;
|   return 0;
| }
configure:16000: result: no
configure:16018: checking for off_t
configure:16018: cc -std=gnu99 -c -arch i386 -Wall -W -arch i386 conftest.c >&5
configure:16018: $? = 0
configure:16018: cc -std=gnu99 -c -arch i386 -Wall -W -arch i386 conftest.c >&5
conftest.c: In function 'main':
conftest.c:66: error: expected expression before ')' token
configure:16018: $? = 1
configure: failed program was:
| /* confdefs.h */
| #define PACKAGE_NAME "LibTIFF Software"
| #define PACKAGE_TARNAME "tiff"
| #define PACKAGE_VERSION "3.9.4"
| #define PACKAGE_STRING "LibTIFF Software 3.9.4"
| #define PACKAGE_BUGREPORT "tiff@lists.maptools.org"
| #define PACKAGE_URL ""
| #define PACKAGE "tiff"
| #define VERSION "3.9.4"
| #define STDC_HEADERS 1
| #define HAVE_SYS_TYPES_H 1
| #define HAVE_SYS_STAT_H 1
| #define HAVE_STDLIB_H 1
| #define HAVE_STRING_H 1
| #define HAVE_MEMORY_H 1
| #define HAVE_STRINGS_H 1
| #define HAVE_INTTYPES_H 1
| #define HAVE_STDINT_H 1
| #define HAVE_UNISTD_H 1
| #define HAVE_DLFCN_H 1
| #define LT_OBJDIR ".libs/"
| #define HAVE_LIBC 1
| #define HAVE_ASSERT_H 1
| #define HAVE_FCNTL_H 1
| #define HAVE_LIMITS_H 1
| #define HAVE_SEARCH_H 1
| #define HAVE_SYS_TIME_H 1
| #define HAVE_UNISTD_H 1
| /* end confdefs.h.  */
| #include <stdio.h>
| #ifdef HAVE_SYS_TYPES_H
| # include <sys/types.h>
| #endif
| #ifdef HAVE_SYS_STAT_H
| # include <sys/stat.h>
| #endif
| #ifdef STDC_HEADERS
| # include <stdlib.h>
| # include <stddef.h>
| #else
| # ifdef HAVE_STDLIB_H
| #  include <stdlib.h>
| # endif
| #endif
| #ifdef HAVE_STRING_H
| # if !defined STDC_HEADERS && defined HAVE_MEMORY_H
| #  include <memory.h>
| # endif
| # include <string.h>
| #endif
| #ifdef HAVE_STRINGS_H
| # include <strings.h>
| #endif
| #ifdef HAVE_INTTYPES_H
| # include <inttypes.h>
| #endif
| #ifdef HAVE_STDINT_H
| # include <stdint.h>
| #endif
| #ifdef HAVE_UNISTD_H
| # include <unistd.h>
| #endif
| int
| main ()
| {
| if (sizeof ((off_t)))
| 	    return 0;
|   ;
|   return 0;
| }
configure:16018: result: yes
configure:16029: checking for size_t
configure:16029: cc -std=gnu99 -c -arch i386 -Wall -W -arch i386 conftest.c >&5
configure:16029: $? = 0
configure:16029: cc -std=gnu99 -c -arch i386 -Wall -W -arch i386 conftest.c >&5
conftest.c: In function 'main':
conftest.c:66: error: expected expression before ')' token
configure:16029: $? = 1
configure: failed program was:
| /* confdefs.h */
| #define PACKAGE_NAME "LibTIFF Software"
| #define PACKAGE_TARNAME "tiff"
| #define PACKAGE_VERSION "3.9.4"
| #define PACKAGE_STRING "LibTIFF Software 3.9.4"
| #define PACKAGE_BUGREPORT "tiff@lists.maptools.org"
| #define PACKAGE_URL ""
| #define PACKAGE "tiff"
| #define VERSION "3.9.4"
| #define STDC_HEADERS 1
| #define HAVE_SYS_TYPES_H 1
| #define HAVE_SYS_STAT_H 1
| #define HAVE_STDLIB_H 1
| #define HAVE_STRING_H 1
| #define HAVE_MEMORY_H 1
| #define HAVE_STRINGS_H 1
| #define HAVE_INTTYPES_H 1
| #define HAVE_STDINT_H 1
| #define HAVE_UNISTD_H 1
| #define HAVE_DLFCN_H 1
| #define LT_OBJDIR ".libs/"
| #define HAVE_LIBC 1
| #define HAVE_ASSERT_H 1
| #define HAVE_FCNTL_H 1
| #define HAVE_LIMITS_H 1
| #define HAVE_SEARCH_H 1
| #define HAVE_SYS_TIME_H 1
| #define HAVE_UNISTD_H 1
| /* end confdefs.h.  */
| #include <stdio.h>
| #ifdef HAVE_SYS_TYPES_H
| # include <sys/types.h>
| #endif
| #ifdef HAVE_SYS_STAT_H
| # include <sys/stat.h>
| #endif
| #ifdef STDC_HEADERS
| # include <stdlib.h>
| # include <stddef.h>
| #else
| # ifdef HAVE_STDLIB_H
| #  include <stdlib.h>
| # endif
| #endif
| #ifdef HAVE_STRING_H
| # if !defined STDC_HEADERS && defined HAVE_MEMORY_H
| #  include <memory.h>
| # endif
| # include <string.h>
| #endif
| #ifdef HAVE_STRINGS_H
| # include <strings.h>
| #endif
| #ifdef HAVE_INTTYPES_H
| # include <inttypes.h>
| #endif
| #ifdef HAVE_STDINT_H
| # include <stdint.h>
| #endif
| #ifdef HAVE_UNISTD_H
| # include <unistd.h>
| #endif
| int
| main ()
| {
| if (sizeof ((size_t)))
| 	    return 0;
|   ;
|   return 0;
| }
configure:16029: result: yes
configure:16044: checking size of int
configure:16049: cc -std=gnu99 -o conftest -arch i386 -Wall -W -arch i386 -arch i386 conftest.c -lc  >&5
configure:16049: $? = 0
configure:16049: ./conftest
configure:16049: $? = 0
configure:16064: result: 4
configure:16078: checking size of long
configure:16083: cc -std=gnu99 -o conftest -arch i386 -Wall -W -arch i386 -arch i386 conftest.c -lc  >&5
configure:16083: $? = 0
configure:16083: ./conftest
configure:16083: $? = 0
configure:16098: result: 4
configure:16108: checking whether time.h and sys/time.h may both be included
configure:16128: cc -std=gnu99 -c -arch i386 -Wall -W -arch i386 conftest.c >&5
configure:16128: $? = 0
configure:16135: result: yes
configure:16143: checking whether struct tm is in sys/time.h or time.h
configure:16163: cc -std=gnu99 -c -arch i386 -Wall -W -arch i386 conftest.c >&5
configure:16163: $? = 0
configure:16170: result: time.h
configure:16178: checking for int8
configure:16178: cc -std=gnu99 -c -arch i386 -Wall -W -arch i386 conftest.c >&5
conftest.c: In function 'main':
conftest.c:42: error: 'int8' undeclared (first use in this function)
conftest.c:42: error: (Each undeclared identifier is reported only once
conftest.c:42: error: for each function it appears in.)
configure:16178: $? = 1
configure: failed program was:
| /* confdefs.h */
| #define PACKAGE_NAME "LibTIFF Software"
| #define PACKAGE_TARNAME "tiff"
| #define PACKAGE_VERSION "3.9.4"
| #define PACKAGE_STRING "LibTIFF Software 3.9.4"
| #define PACKAGE_BUGREPORT "tiff@lists.maptools.org"
| #define PACKAGE_URL ""
| #define PACKAGE "tiff"
| #define VERSION "3.9.4"
| #define STDC_HEADERS 1
| #define HAVE_SYS_TYPES_H 1
| #define HAVE_SYS_STAT_H 1
| #define HAVE_STDLIB_H 1
| #define HAVE_STRING_H 1
| #define HAVE_MEMORY_H 1
| #define HAVE_STRINGS_H 1
| #define HAVE_INTTYPES_H 1
| #define HAVE_STDINT_H 1
| #define HAVE_UNISTD_H 1
| #define HAVE_DLFCN_H 1
| #define LT_OBJDIR ".libs/"
| #define HAVE_LIBC 1
| #define HAVE_ASSERT_H 1
| #define HAVE_FCNTL_H 1
| #define HAVE_LIMITS_H 1
| #define HAVE_SEARCH_H 1
| #define HAVE_SYS_TIME_H 1
| #define HAVE_UNISTD_H 1
| #define SIZEOF_INT 4
| #define SIZEOF_LONG 4
| #define TIME_WITH_SYS_TIME 1
| /* end confdefs.h.  */
| 
| #if HAVE_INTTYPES_H
| # include <inttypes.h>
| #endif
| 
| 
| int
| main ()
| {
| if (sizeof (int8))
| 	 return 0;
|   ;
|   return 0;
| }
configure:16178: result: no
configure:16192: checking for int16
configure:16192: cc -std=gnu99 -c -arch i386 -Wall -W -arch i386 conftest.c >&5
conftest.c: In function 'main':
conftest.c:42: error: 'int16' undeclared (first use in this function)
conftest.c:42: error: (Each undeclared identifier is reported only once
conftest.c:42: error: for each function it appears in.)
configure:16192: $? = 1
configure: failed program was:
| /* confdefs.h */
| #define PACKAGE_NAME "LibTIFF Software"
| #define PACKAGE_TARNAME "tiff"
| #define PACKAGE_VERSION "3.9.4"
| #define PACKAGE_STRING "LibTIFF Software 3.9.4"
| #define PACKAGE_BUGREPORT "tiff@lists.maptools.org"
| #define PACKAGE_URL ""
| #define PACKAGE "tiff"
| #define VERSION "3.9.4"
| #define STDC_HEADERS 1
| #define HAVE_SYS_TYPES_H 1
| #define HAVE_SYS_STAT_H 1
| #define HAVE_STDLIB_H 1
| #define HAVE_STRING_H 1
| #define HAVE_MEMORY_H 1
| #define HAVE_STRINGS_H 1
| #define HAVE_INTTYPES_H 1
| #define HAVE_STDINT_H 1
| #define HAVE_UNISTD_H 1
| #define HAVE_DLFCN_H 1
| #define LT_OBJDIR ".libs/"
| #define HAVE_LIBC 1
| #define HAVE_ASSERT_H 1
| #define HAVE_FCNTL_H 1
| #define HAVE_LIMITS_H 1
| #define HAVE_SEARCH_H 1
| #define HAVE_SYS_TIME_H 1
| #define HAVE_UNISTD_H 1
| #define SIZEOF_INT 4
| #define SIZEOF_LONG 4
| #define TIME_WITH_SYS_TIME 1
| /* end confdefs.h.  */
| 
| #if HAVE_INTTYPES_H
| # include <inttypes.h>
| #endif
| 
| 
| int
| main ()
| {
| if (sizeof (int16))
| 	 return 0;
|   ;
|   return 0;
| }
configure:16192: result: no
configure:16206: checking for int32
configure:16206: cc -std=gnu99 -c -arch i386 -Wall -W -arch i386 conftest.c >&5
conftest.c: In function 'main':
conftest.c:42: error: 'int32' undeclared (first use in this function)
conftest.c:42: error: (Each undeclared identifier is reported only once
conftest.c:42: error: for each function it appears in.)
configure:16206: $? = 1
configure: failed program was:
| /* confdefs.h */
| #define PACKAGE_NAME "LibTIFF Software"
| #define PACKAGE_TARNAME "tiff"
| #define PACKAGE_VERSION "3.9.4"
| #define PACKAGE_STRING "LibTIFF Software 3.9.4"
| #define PACKAGE_BUGREPORT "tiff@lists.maptools.org"
| #define PACKAGE_URL ""
| #define PACKAGE "tiff"
| #define VERSION "3.9.4"
| #define STDC_HEADERS 1
| #define HAVE_SYS_TYPES_H 1
| #define HAVE_SYS_STAT_H 1
| #define HAVE_STDLIB_H 1
| #define HAVE_STRING_H 1
| #define HAVE_MEMORY_H 1
| #define HAVE_STRINGS_H 1
| #define HAVE_INTTYPES_H 1
| #define HAVE_STDINT_H 1
| #define HAVE_UNISTD_H 1
| #define HAVE_DLFCN_H 1
| #define LT_OBJDIR ".libs/"
| #define HAVE_LIBC 1
| #define HAVE_ASSERT_H 1
| #define HAVE_FCNTL_H 1
| #define HAVE_LIMITS_H 1
| #define HAVE_SEARCH_H 1
| #define HAVE_SYS_TIME_H 1
| #define HAVE_UNISTD_H 1
| #define SIZEOF_INT 4
| #define SIZEOF_LONG 4
| #define TIME_WITH_SYS_TIME 1
| /* end confdefs.h.  */
| 
| #if HAVE_INTTYPES_H
| # include <inttypes.h>
| #endif
| 
| 
| int
| main ()
| {
| if (sizeof (int32))
| 	 return 0;
|   ;
|   return 0;
| }
configure:16206: result: no
configure:16227: checking size of signed long
configure:16232: cc -std=gnu99 -o conftest -arch i386 -Wall -W -arch i386 -arch i386 conftest.c -lc  >&5
configure:16232: $? = 0
configure:16232: ./conftest
configure:16232: $? = 0
configure:16247: result: 4
configure:16263: checking size of unsigned long
configure:16268: cc -std=gnu99 -o conftest -arch i386 -Wall -W -arch i386 -arch i386 conftest.c -lc  >&5
configure:16268: $? = 0
configure:16268: ./conftest
configure:16268: $? = 0
configure:16283: result: 4
configure:16300: checking size of signed long long
configure:16305: cc -std=gnu99 -o conftest -arch i386 -Wall -W -arch i386 -arch i386 conftest.c -lc  >&5
configure:16305: $? = 0
configure:16305: ./conftest
configure:16305: $? = 0
configure:16320: result: 8
configure:16338: checking size of unsigned long long
configure:16343: cc -std=gnu99 -o conftest -arch i386 -Wall -W -arch i386 -arch i386 conftest.c -lc  >&5
configure:16343: $? = 0
configure:16343: ./conftest
configure:16343: $? = 0
configure:16358: result: 8
configure:16369: checking for signed 64-bit type
configure:16382: result: signed long long
configure:16395: checking for unsigned 64-bit type
configure:16408: result: unsigned long long
configure:16424: checking for floor
configure:16424: cc -std=gnu99 -o conftest -arch i386 -Wall -W -arch i386 -arch i386 conftest.c -lc  >&5
conftest.c:64: warning: conflicting types for built-in function 'floor'
configure:16424: $? = 0
configure:16424: result: yes
configure:16424: checking for isascii
configure:16424: cc -std=gnu99 -o conftest -arch i386 -Wall -W -arch i386 -arch i386 conftest.c -lc  >&5
conftest.c:65: warning: conflicting types for built-in function 'isascii'
configure:16424: $? = 0
configure:16424: result: yes
configure:16424: checking for memmove
configure:16424: cc -std=gnu99 -o conftest -arch i386 -Wall -W -arch i386 -arch i386 conftest.c -lc  >&5
conftest.c:66: warning: conflicting types for built-in function 'memmove'
configure:16424: $? = 0
configure:16424: result: yes
configure:16424: checking for memset
configure:16424: cc -std=gnu99 -o conftest -arch i386 -Wall -W -arch i386 -arch i386 conftest.c -lc  >&5
conftest.c:67: warning: conflicting types for built-in function 'memset'
configure:16424: $? = 0
configure:16424: result: yes
configure:16424: checking for mmap
configure:16424: cc -std=gnu99 -o conftest -arch i386 -Wall -W -arch i386 -arch i386 conftest.c -lc  >&5
configure:16424: $? = 0
configure:16424: result: yes
configure:16424: checking for pow
configure:16424: cc -std=gnu99 -o conftest -arch i386 -Wall -W -arch i386 -arch i386 conftest.c -lc  >&5
conftest.c:69: warning: conflicting types for built-in function 'pow'
configure:16424: $? = 0
configure:16424: result: yes
configure:16424: checking for setmode
configure:16424: cc -std=gnu99 -o conftest -arch i386 -Wall -W -arch i386 -arch i386 conftest.c -lc  >&5
configure:16424: $? = 0
configure:16424: result: yes
configure:16424: checking for sqrt
configure:16424: cc -std=gnu99 -o conftest -arch i386 -Wall -W -arch i386 -arch i386 conftest.c -lc  >&5
conftest.c:71: warning: conflicting types for built-in function 'sqrt'
configure:16424: $? = 0
configure:16424: result: yes
configure:16424: checking for strchr
configure:16424: cc -std=gnu99 -o conftest -arch i386 -Wall -W -arch i386 -arch i386 conftest.c -lc  >&5
conftest.c:72: warning: conflicting types for built-in function 'strchr'
configure:16424: $? = 0
configure:16424: result: yes
configure:16424: checking for strrchr
configure:16424: cc -std=gnu99 -o conftest -arch i386 -Wall -W -arch i386 -arch i386 conftest.c -lc  >&5
conftest.c:73: warning: conflicting types for built-in function 'strrchr'
configure:16424: $? = 0
configure:16424: result: yes
configure:16424: checking for strstr
configure:16424: cc -std=gnu99 -o conftest -arch i386 -Wall -W -arch i386 -arch i386 conftest.c -lc  >&5
conftest.c:74: warning: conflicting types for built-in function 'strstr'
configure:16424: $? = 0
configure:16424: result: yes
configure:16424: checking for strtol
configure:16424: cc -std=gnu99 -o conftest -arch i386 -Wall -W -arch i386 -arch i386 conftest.c -lc  >&5
configure:16424: $? = 0
configure:16424: result: yes
configure:16437: checking for getopt
configure:16437: cc -std=gnu99 -o conftest -arch i386 -Wall -W -arch i386 -arch i386 conftest.c -lc  >&5
configure:16437: $? = 0
configure:16437: result: yes
configure:16456: checking for strcasecmp
configure:16456: cc -std=gnu99 -o conftest -arch i386 -Wall -W -arch i386 -arch i386 conftest.c -lc  >&5
conftest.c:77: warning: conflicting types for built-in function 'strcasecmp'
configure:16456: $? = 0
configure:16456: result: yes
configure:16475: checking for strtoul
configure:16475: cc -std=gnu99 -o conftest -arch i386 -Wall -W -arch i386 -arch i386 conftest.c -lc  >&5
configure:16475: $? = 0
configure:16475: result: yes
configure:16494: checking for lfind
configure:16494: cc -std=gnu99 -o conftest -arch i386 -Wall -W -arch i386 -arch i386 conftest.c -lc  >&5
configure:16494: $? = 0
configure:16494: result: yes
configure:16512: checking native cpu bit order
configure:16517: result: lsb2msb
configure:16578: checking for special C compiler options needed for large files
configure:16623: result: no
configure:16629: checking for _FILE_OFFSET_BITS value needed for large files
configure:16654: cc -std=gnu99 -c -arch i386 -Wall -W -arch i386 conftest.c >&5
configure:16654: $? = 0
configure:16686: result: no
configure:16914: checking for inflateEnd in -lz
configure:16939: cc -std=gnu99 -o conftest -arch i386 -Wall -W -arch i386 -arch i386 conftest.c -lz  -lc  >&5
configure:16939: $? = 0
configure:16948: result: yes
configure:16963: checking zlib.h usability
configure:16963: cc -std=gnu99 -c -arch i386 -Wall -W -arch i386 conftest.c >&5
configure:16963: $? = 0
configure:16963: result: yes
configure:16963: checking zlib.h presence
configure:16963: cc -std=gnu99 -E -arch i386 conftest.c
configure:16963: $? = 0
configure:16963: result: yes
configure:16963: checking for zlib.h
configure:16963: result: yes
configure:17038: checking for jpeg_read_scanlines in -ljpeg
configure:17063: cc -std=gnu99 -o conftest -arch i386 -Wall -W -arch i386 -arch i386 conftest.c -ljpeg  -lz -lc  >&5
ld: library not found for -ljpeg
collect2: ld returned 1 exit status
configure:17063: $? = 1
configure: failed program was:
| /* confdefs.h */
| #define PACKAGE_NAME "LibTIFF Software"
| #define PACKAGE_TARNAME "tiff"
| #define PACKAGE_VERSION "3.9.4"
| #define PACKAGE_STRING "LibTIFF Software 3.9.4"
| #define PACKAGE_BUGREPORT "tiff@lists.maptools.org"
| #define PACKAGE_URL ""
| #define PACKAGE "tiff"
| #define VERSION "3.9.4"
| #define STDC_HEADERS 1
| #define HAVE_SYS_TYPES_H 1
| #define HAVE_SYS_STAT_H 1
| #define HAVE_STDLIB_H 1
| #define HAVE_STRING_H 1
| #define HAVE_MEMORY_H 1
| #define HAVE_STRINGS_H 1
| #define HAVE_INTTYPES_H 1
| #define HAVE_STDINT_H 1
| #define HAVE_UNISTD_H 1
| #define HAVE_DLFCN_H 1
| #define LT_OBJDIR ".libs/"
| #define HAVE_LIBC 1
| #define HAVE_ASSERT_H 1
| #define HAVE_FCNTL_H 1
| #define HAVE_LIMITS_H 1
| #define HAVE_SEARCH_H 1
| #define HAVE_SYS_TIME_H 1
| #define HAVE_UNISTD_H 1
| #define SIZEOF_INT 4
| #define SIZEOF_LONG 4
| #define TIME_WITH_SYS_TIME 1
| #define SIZEOF_SIGNED_LONG 4
| #define SIZEOF_UNSIGNED_LONG 4
| #define SIZEOF_SIGNED_LONG_LONG 8
| #define SIZEOF_UNSIGNED_LONG_LONG 8
| #define TIFF_INT64_T signed long long
| #define TIFF_INT64_FORMAT "%lld"
| #define TIFF_UINT64_T unsigned long long
| #define TIFF_UINT64_FORMAT "%llu"
| #define HAVE_FLOOR 1
| #define HAVE_ISASCII 1
| #define HAVE_MEMMOVE 1
| #define HAVE_MEMSET 1
| #define HAVE_MMAP 1
| #define HAVE_POW 1
| #define HAVE_SETMODE 1
| #define HAVE_SQRT 1
| #define HAVE_STRCHR 1
| #define HAVE_STRRCHR 1
| #define HAVE_STRSTR 1
| #define HAVE_STRTOL 1
| #define HAVE_GETOPT 1
| #define HAVE_STRCASECMP 1
| #define HAVE_STRTOUL 1
| #define HAVE_LFIND 1
| #define HOST_FILLORDER FILLORDER_LSB2MSB
| #define HOST_BIGENDIAN 0
| #define HAVE_IEEEFP 1
| #define CCITT_SUPPORT 1
| #define PACKBITS_SUPPORT 1
| #define LZW_SUPPORT 1
| #define THUNDER_SUPPORT 1
| #define NEXT_SUPPORT 1
| #define LOGLUV_SUPPORT 1
| #define MDI_SUPPORT 1
| #define ZIP_SUPPORT 1
| /* end confdefs.h.  */
| 
| /* Override any GCC internal prototype to avoid an error.
|    Use char because int might match the return type of a GCC
|    builtin and then its argument prototype would still apply.  */
| #ifdef __cplusplus
| extern "C"
| #endif
| char jpeg_read_scanlines ();
| int
| main ()
| {
| return jpeg_read_scanlines ();
|   ;
|   return 0;
| }
configure:17072: result: no
configure:17087: checking jpeglib.h usability
configure:17087: cc -std=gnu99 -c -arch i386 -Wall -W -arch i386 conftest.c >&5
conftest.c:101:21: error: jpeglib.h: No such file or directory
configure:17087: $? = 1
configure: failed program was:
| /* confdefs.h */
| #define PACKAGE_NAME "LibTIFF Software"
| #define PACKAGE_TARNAME "tiff"
| #define PACKAGE_VERSION "3.9.4"
| #define PACKAGE_STRING "LibTIFF Software 3.9.4"
| #define PACKAGE_BUGREPORT "tiff@lists.maptools.org"
| #define PACKAGE_URL ""
| #define PACKAGE "tiff"
| #define VERSION "3.9.4"
| #define STDC_HEADERS 1
| #define HAVE_SYS_TYPES_H 1
| #define HAVE_SYS_STAT_H 1
| #define HAVE_STDLIB_H 1
| #define HAVE_STRING_H 1
| #define HAVE_MEMORY_H 1
| #define HAVE_STRINGS_H 1
| #define HAVE_INTTYPES_H 1
| #define HAVE_STDINT_H 1
| #define HAVE_UNISTD_H 1
| #define HAVE_DLFCN_H 1
| #define LT_OBJDIR ".libs/"
| #define HAVE_LIBC 1
| #define HAVE_ASSERT_H 1
| #define HAVE_FCNTL_H 1
| #define HAVE_LIMITS_H 1
| #define HAVE_SEARCH_H 1
| #define HAVE_SYS_TIME_H 1
| #define HAVE_UNISTD_H 1
| #define SIZEOF_INT 4
| #define SIZEOF_LONG 4
| #define TIME_WITH_SYS_TIME 1
| #define SIZEOF_SIGNED_LONG 4
| #define SIZEOF_UNSIGNED_LONG 4
| #define SIZEOF_SIGNED_LONG_LONG 8
| #define SIZEOF_UNSIGNED_LONG_LONG 8
| #define TIFF_INT64_T signed long long
| #define TIFF_INT64_FORMAT "%lld"
| #define TIFF_UINT64_T unsigned long long
| #define TIFF_UINT64_FORMAT "%llu"
| #define HAVE_FLOOR 1
| #define HAVE_ISASCII 1
| #define HAVE_MEMMOVE 1
| #define HAVE_MEMSET 1
| #define HAVE_MMAP 1
| #define HAVE_POW 1
| #define HAVE_SETMODE 1
| #define HAVE_SQRT 1
| #define HAVE_STRCHR 1
| #define HAVE_STRRCHR 1
| #define HAVE_STRSTR 1
| #define HAVE_STRTOL 1
| #define HAVE_GETOPT 1
| #define HAVE_STRCASECMP 1
| #define HAVE_STRTOUL 1
| #define HAVE_LFIND 1
| #define HOST_FILLORDER FILLORDER_LSB2MSB
| #define HOST_BIGENDIAN 0
| #define HAVE_IEEEFP 1
| #define CCITT_SUPPORT 1
| #define PACKBITS_SUPPORT 1
| #define LZW_SUPPORT 1
| #define THUNDER_SUPPORT 1
| #define NEXT_SUPPORT 1
| #define LOGLUV_SUPPORT 1
| #define MDI_SUPPORT 1
| #define ZIP_SUPPORT 1
| /* end confdefs.h.  */
| #include <stdio.h>
| #ifdef HAVE_SYS_TYPES_H
| # include <sys/types.h>
| #endif
| #ifdef HAVE_SYS_STAT_H
| # include <sys/stat.h>
| #endif
| #ifdef STDC_HEADERS
| # include <stdlib.h>
| # include <stddef.h>
| #else
| # ifdef HAVE_STDLIB_H
| #  include <stdlib.h>
| # endif
| #endif
| #ifdef HAVE_STRING_H
| # if !defined STDC_HEADERS && defined HAVE_MEMORY_H
| #  include <memory.h>
| # endif
| # include <string.h>
| #endif
| #ifdef HAVE_STRINGS_H
| # include <strings.h>
| #endif
| #ifdef HAVE_INTTYPES_H
| # include <inttypes.h>
| #endif
| #ifdef HAVE_STDINT_H
| # include <stdint.h>
| #endif
| #ifdef HAVE_UNISTD_H
| # include <unistd.h>
| #endif
| #include <jpeglib.h>
configure:17087: result: no
configure:17087: checking jpeglib.h presence
configure:17087: cc -std=gnu99 -E -arch i386 conftest.c
conftest.c:68:21: error: jpeglib.h: No such file or directory
configure:17087: $? = 1
configure: failed program was:
| /* confdefs.h */
| #define PACKAGE_NAME "LibTIFF Software"
| #define PACKAGE_TARNAME "tiff"
| #define PACKAGE_VERSION "3.9.4"
| #define PACKAGE_STRING "LibTIFF Software 3.9.4"
| #define PACKAGE_BUGREPORT "tiff@lists.maptools.org"
| #define PACKAGE_URL ""
| #define PACKAGE "tiff"
| #define VERSION "3.9.4"
| #define STDC_HEADERS 1
| #define HAVE_SYS_TYPES_H 1
| #define HAVE_SYS_STAT_H 1
| #define HAVE_STDLIB_H 1
| #define HAVE_STRING_H 1
| #define HAVE_MEMORY_H 1
| #define HAVE_STRINGS_H 1
| #define HAVE_INTTYPES_H 1
| #define HAVE_STDINT_H 1
| #define HAVE_UNISTD_H 1
| #define HAVE_DLFCN_H 1
| #define LT_OBJDIR ".libs/"
| #define HAVE_LIBC 1
| #define HAVE_ASSERT_H 1
| #define HAVE_FCNTL_H 1
| #define HAVE_LIMITS_H 1
| #define HAVE_SEARCH_H 1
| #define HAVE_SYS_TIME_H 1
| #define HAVE_UNISTD_H 1
| #define SIZEOF_INT 4
| #define SIZEOF_LONG 4
| #define TIME_WITH_SYS_TIME 1
| #define SIZEOF_SIGNED_LONG 4
| #define SIZEOF_UNSIGNED_LONG 4
| #define SIZEOF_SIGNED_LONG_LONG 8
| #define SIZEOF_UNSIGNED_LONG_LONG 8
| #define TIFF_INT64_T signed long long
| #define TIFF_INT64_FORMAT "%lld"
| #define TIFF_UINT64_T unsigned long long
| #define TIFF_UINT64_FORMAT "%llu"
| #define HAVE_FLOOR 1
| #define HAVE_ISASCII 1
| #define HAVE_MEMMOVE 1
| #define HAVE_MEMSET 1
| #define HAVE_MMAP 1
| #define HAVE_POW 1
| #define HAVE_SETMODE 1
| #define HAVE_SQRT 1
| #define HAVE_STRCHR 1
| #define HAVE_STRRCHR 1
| #define HAVE_STRSTR 1
| #define HAVE_STRTOL 1
| #define HAVE_GETOPT 1
| #define HAVE_STRCASECMP 1
| #define HAVE_STRTOUL 1
| #define HAVE_LFIND 1
| #define HOST_FILLORDER FILLORDER_LSB2MSB
| #define HOST_BIGENDIAN 0
| #define HAVE_IEEEFP 1
| #define CCITT_SUPPORT 1
| #define PACKBITS_SUPPORT 1
| #define LZW_SUPPORT 1
| #define THUNDER_SUPPORT 1
| #define NEXT_SUPPORT 1
| #define LOGLUV_SUPPORT 1
| #define MDI_SUPPORT 1
| #define ZIP_SUPPORT 1
| /* end confdefs.h.  */
| #include <jpeglib.h>
configure:17087: result: no
configure:17087: checking for jpeglib.h
configure:17087: result: no
configure:17162: checking for jbg_dec_init in -ljbig
configure:17187: cc -std=gnu99 -o conftest -arch i386 -Wall -W -arch i386 -arch i386 conftest.c -ljbig  -lz -lc  >&5
ld: library not found for -ljbig
collect2: ld returned 1 exit status
configure:17187: $? = 1
configure: failed program was:
| /* confdefs.h */
| #define PACKAGE_NAME "LibTIFF Software"
| #define PACKAGE_TARNAME "tiff"
| #define PACKAGE_VERSION "3.9.4"
| #define PACKAGE_STRING "LibTIFF Software 3.9.4"
| #define PACKAGE_BUGREPORT "tiff@lists.maptools.org"
| #define PACKAGE_URL ""
| #define PACKAGE "tiff"
| #define VERSION "3.9.4"
| #define STDC_HEADERS 1
| #define HAVE_SYS_TYPES_H 1
| #define HAVE_SYS_STAT_H 1
| #define HAVE_STDLIB_H 1
| #define HAVE_STRING_H 1
| #define HAVE_MEMORY_H 1
| #define HAVE_STRINGS_H 1
| #define HAVE_INTTYPES_H 1
| #define HAVE_STDINT_H 1
| #define HAVE_UNISTD_H 1
| #define HAVE_DLFCN_H 1
| #define LT_OBJDIR ".libs/"
| #define HAVE_LIBC 1
| #define HAVE_ASSERT_H 1
| #define HAVE_FCNTL_H 1
| #define HAVE_LIMITS_H 1
| #define HAVE_SEARCH_H 1
| #define HAVE_SYS_TIME_H 1
| #define HAVE_UNISTD_H 1
| #define SIZEOF_INT 4
| #define SIZEOF_LONG 4
| #define TIME_WITH_SYS_TIME 1
| #define SIZEOF_SIGNED_LONG 4
| #define SIZEOF_UNSIGNED_LONG 4
| #define SIZEOF_SIGNED_LONG_LONG 8
| #define SIZEOF_UNSIGNED_LONG_LONG 8
| #define TIFF_INT64_T signed long long
| #define TIFF_INT64_FORMAT "%lld"
| #define TIFF_UINT64_T unsigned long long
| #define TIFF_UINT64_FORMAT "%llu"
| #define HAVE_FLOOR 1
| #define HAVE_ISASCII 1
| #define HAVE_MEMMOVE 1
| #define HAVE_MEMSET 1
| #define HAVE_MMAP 1
| #define HAVE_POW 1
| #define HAVE_SETMODE 1
| #define HAVE_SQRT 1
| #define HAVE_STRCHR 1
| #define HAVE_STRRCHR 1
| #define HAVE_STRSTR 1
| #define HAVE_STRTOL 1
| #define HAVE_GETOPT 1
| #define HAVE_STRCASECMP 1
| #define HAVE_STRTOUL 1
| #define HAVE_LFIND 1
| #define HOST_FILLORDER FILLORDER_LSB2MSB
| #define HOST_BIGENDIAN 0
| #define HAVE_IEEEFP 1
| #define CCITT_SUPPORT 1
| #define PACKBITS_SUPPORT 1
| #define LZW_SUPPORT 1
| #define THUNDER_SUPPORT 1
| #define NEXT_SUPPORT 1
| #define LOGLUV_SUPPORT 1
| #define MDI_SUPPORT 1
| #define ZIP_SUPPORT 1
| /* end confdefs.h.  */
| 
| /* Override any GCC internal prototype to avoid an error.
|    Use char because int might match the return type of a GCC
|    builtin and then its argument prototype would still apply.  */
| #ifdef __cplusplus
| extern "C"
| #endif
| char jbg_dec_init ();
| int
| main ()
| {
| return jbg_dec_init ();
|   ;
|   return 0;
| }
configure:17196: result: no
configure:17211: checking jbig.h usability
configure:17211: cc -std=gnu99 -c -arch i386 -Wall -W -arch i386 conftest.c >&5
conftest.c:101:18: error: jbig.h: No such file or directory
configure:17211: $? = 1
configure: failed program was:
| /* confdefs.h */
| #define PACKAGE_NAME "LibTIFF Software"
| #define PACKAGE_TARNAME "tiff"
| #define PACKAGE_VERSION "3.9.4"
| #define PACKAGE_STRING "LibTIFF Software 3.9.4"
| #define PACKAGE_BUGREPORT "tiff@lists.maptools.org"
| #define PACKAGE_URL ""
| #define PACKAGE "tiff"
| #define VERSION "3.9.4"
| #define STDC_HEADERS 1
| #define HAVE_SYS_TYPES_H 1
| #define HAVE_SYS_STAT_H 1
| #define HAVE_STDLIB_H 1
| #define HAVE_STRING_H 1
| #define HAVE_MEMORY_H 1
| #define HAVE_STRINGS_H 1
| #define HAVE_INTTYPES_H 1
| #define HAVE_STDINT_H 1
| #define HAVE_UNISTD_H 1
| #define HAVE_DLFCN_H 1
| #define LT_OBJDIR ".libs/"
| #define HAVE_LIBC 1
| #define HAVE_ASSERT_H 1
| #define HAVE_FCNTL_H 1
| #define HAVE_LIMITS_H 1
| #define HAVE_SEARCH_H 1
| #define HAVE_SYS_TIME_H 1
| #define HAVE_UNISTD_H 1
| #define SIZEOF_INT 4
| #define SIZEOF_LONG 4
| #define TIME_WITH_SYS_TIME 1
| #define SIZEOF_SIGNED_LONG 4
| #define SIZEOF_UNSIGNED_LONG 4
| #define SIZEOF_SIGNED_LONG_LONG 8
| #define SIZEOF_UNSIGNED_LONG_LONG 8
| #define TIFF_INT64_T signed long long
| #define TIFF_INT64_FORMAT "%lld"
| #define TIFF_UINT64_T unsigned long long
| #define TIFF_UINT64_FORMAT "%llu"
| #define HAVE_FLOOR 1
| #define HAVE_ISASCII 1
| #define HAVE_MEMMOVE 1
| #define HAVE_MEMSET 1
| #define HAVE_MMAP 1
| #define HAVE_POW 1
| #define HAVE_SETMODE 1
| #define HAVE_SQRT 1
| #define HAVE_STRCHR 1
| #define HAVE_STRRCHR 1
| #define HAVE_STRSTR 1
| #define HAVE_STRTOL 1
| #define HAVE_GETOPT 1
| #define HAVE_STRCASECMP 1
| #define HAVE_STRTOUL 1
| #define HAVE_LFIND 1
| #define HOST_FILLORDER FILLORDER_LSB2MSB
| #define HOST_BIGENDIAN 0
| #define HAVE_IEEEFP 1
| #define CCITT_SUPPORT 1
| #define PACKBITS_SUPPORT 1
| #define LZW_SUPPORT 1
| #define THUNDER_SUPPORT 1
| #define NEXT_SUPPORT 1
| #define LOGLUV_SUPPORT 1
| #define MDI_SUPPORT 1
| #define ZIP_SUPPORT 1
| /* end confdefs.h.  */
| #include <stdio.h>
| #ifdef HAVE_SYS_TYPES_H
| # include <sys/types.h>
| #endif
| #ifdef HAVE_SYS_STAT_H
| # include <sys/stat.h>
| #endif
| #ifdef STDC_HEADERS
| # include <stdlib.h>
| # include <stddef.h>
| #else
| # ifdef HAVE_STDLIB_H
| #  include <stdlib.h>
| # endif
| #endif
| #ifdef HAVE_STRING_H
| # if !defined STDC_HEADERS && defined HAVE_MEMORY_H
| #  include <memory.h>
| # endif
| # include <string.h>
| #endif
| #ifdef HAVE_STRINGS_H
| # include <strings.h>
| #endif
| #ifdef HAVE_INTTYPES_H
| # include <inttypes.h>
| #endif
| #ifdef HAVE_STDINT_H
| # include <stdint.h>
| #endif
| #ifdef HAVE_UNISTD_H
| # include <unistd.h>
| #endif
| #include <jbig.h>
configure:17211: result: no
configure:17211: checking jbig.h presence
configure:17211: cc -std=gnu99 -E -arch i386 conftest.c
conftest.c:68:18: error: jbig.h: No such file or directory
configure:17211: $? = 1
configure: failed program was:
| /* confdefs.h */
| #define PACKAGE_NAME "LibTIFF Software"
| #define PACKAGE_TARNAME "tiff"
| #define PACKAGE_VERSION "3.9.4"
| #define PACKAGE_STRING "LibTIFF Software 3.9.4"
| #define PACKAGE_BUGREPORT "tiff@lists.maptools.org"
| #define PACKAGE_URL ""
| #define PACKAGE "tiff"
| #define VERSION "3.9.4"
| #define STDC_HEADERS 1
| #define HAVE_SYS_TYPES_H 1
| #define HAVE_SYS_STAT_H 1
| #define HAVE_STDLIB_H 1
| #define HAVE_STRING_H 1
| #define HAVE_MEMORY_H 1
| #define HAVE_STRINGS_H 1
| #define HAVE_INTTYPES_H 1
| #define HAVE_STDINT_H 1
| #define HAVE_UNISTD_H 1
| #define HAVE_DLFCN_H 1
| #define LT_OBJDIR ".libs/"
| #define HAVE_LIBC 1
| #define HAVE_ASSERT_H 1
| #define HAVE_FCNTL_H 1
| #define HAVE_LIMITS_H 1
| #define HAVE_SEARCH_H 1
| #define HAVE_SYS_TIME_H 1
| #define HAVE_UNISTD_H 1
| #define SIZEOF_INT 4
| #define SIZEOF_LONG 4
| #define TIME_WITH_SYS_TIME 1
| #define SIZEOF_SIGNED_LONG 4
| #define SIZEOF_UNSIGNED_LONG 4
| #define SIZEOF_SIGNED_LONG_LONG 8
| #define SIZEOF_UNSIGNED_LONG_LONG 8
| #define TIFF_INT64_T signed long long
| #define TIFF_INT64_FORMAT "%lld"
| #define TIFF_UINT64_T unsigned long long
| #define TIFF_UINT64_FORMAT "%llu"
| #define HAVE_FLOOR 1
| #define HAVE_ISASCII 1
| #define HAVE_MEMMOVE 1
| #define HAVE_MEMSET 1
| #define HAVE_MMAP 1
| #define HAVE_POW 1
| #define HAVE_SETMODE 1
| #define HAVE_SQRT 1
| #define HAVE_STRCHR 1
| #define HAVE_STRRCHR 1
| #define HAVE_STRSTR 1
| #define HAVE_STRTOL 1
| #define HAVE_GETOPT 1
| #define HAVE_STRCASECMP 1
| #define HAVE_STRTOUL 1
| #define HAVE_LFIND 1
| #define HOST_FILLORDER FILLORDER_LSB2MSB
| #define HOST_BIGENDIAN 0
| #define HAVE_IEEEFP 1
| #define CCITT_SUPPORT 1
| #define PACKBITS_SUPPORT 1
| #define LZW_SUPPORT 1
| #define THUNDER_SUPPORT 1
| #define NEXT_SUPPORT 1
| #define LOGLUV_SUPPORT 1
| #define MDI_SUPPORT 1
| #define ZIP_SUPPORT 1
| /* end confdefs.h.  */
| #include <jbig.h>
configure:17211: result: no
configure:17211: checking for jbig.h
configure:17211: result: no
configure:17283: checking for X
configure:17391: cc -std=gnu99 -E -arch i386 conftest.c
configure:17391: $? = 0
configure:17422: cc -std=gnu99 -o conftest -arch i386 -Wall -W -arch i386 -arch i386 conftest.c -lX11 -lz -lc  >&5
ld: library not found for -lX11
collect2: ld returned 1 exit status
configure:17422: $? = 1
configure: failed program was:
| /* confdefs.h */
| #define PACKAGE_NAME "LibTIFF Software"
| #define PACKAGE_TARNAME "tiff"
| #define PACKAGE_VERSION "3.9.4"
| #define PACKAGE_STRING "LibTIFF Software 3.9.4"
| #define PACKAGE_BUGREPORT "tiff@lists.maptools.org"
| #define PACKAGE_URL ""
| #define PACKAGE "tiff"
| #define VERSION "3.9.4"
| #define STDC_HEADERS 1
| #define HAVE_SYS_TYPES_H 1
| #define HAVE_SYS_STAT_H 1
| #define HAVE_STDLIB_H 1
| #define HAVE_STRING_H 1
| #define HAVE_MEMORY_H 1
| #define HAVE_STRINGS_H 1
| #define HAVE_INTTYPES_H 1
| #define HAVE_STDINT_H 1
| #define HAVE_UNISTD_H 1
| #define HAVE_DLFCN_H 1
| #define LT_OBJDIR ".libs/"
| #define HAVE_LIBC 1
| #define HAVE_ASSERT_H 1
| #define HAVE_FCNTL_H 1
| #define HAVE_LIMITS_H 1
| #define HAVE_SEARCH_H 1
| #define HAVE_SYS_TIME_H 1
| #define HAVE_UNISTD_H 1
| #define SIZEOF_INT 4
| #define SIZEOF_LONG 4
| #define TIME_WITH_SYS_TIME 1
| #define SIZEOF_SIGNED_LONG 4
| #define SIZEOF_UNSIGNED_LONG 4
| #define SIZEOF_SIGNED_LONG_LONG 8
| #define SIZEOF_UNSIGNED_LONG_LONG 8
| #define TIFF_INT64_T signed long long
| #define TIFF_INT64_FORMAT "%lld"
| #define TIFF_UINT64_T unsigned long long
| #define TIFF_UINT64_FORMAT "%llu"
| #define HAVE_FLOOR 1
| #define HAVE_ISASCII 1
| #define HAVE_MEMMOVE 1
| #define HAVE_MEMSET 1
| #define HAVE_MMAP 1
| #define HAVE_POW 1
| #define HAVE_SETMODE 1
| #define HAVE_SQRT 1
| #define HAVE_STRCHR 1
| #define HAVE_STRRCHR 1
| #define HAVE_STRSTR 1
| #define HAVE_STRTOL 1
| #define HAVE_GETOPT 1
| #define HAVE_STRCASECMP 1
| #define HAVE_STRTOUL 1
| #define HAVE_LFIND 1
| #define HOST_FILLORDER FILLORDER_LSB2MSB
| #define HOST_BIGENDIAN 0
| #define HAVE_IEEEFP 1
| #define CCITT_SUPPORT 1
| #define PACKBITS_SUPPORT 1
| #define LZW_SUPPORT 1
| #define THUNDER_SUPPORT 1
| #define NEXT_SUPPORT 1
| #define LOGLUV_SUPPORT 1
| #define MDI_SUPPORT 1
| #define ZIP_SUPPORT 1
| #define CXX_SUPPORT 1
| /* end confdefs.h.  */
| #include <X11/Xlib.h>
| int
| main ()
| {
| XrmInitialize ()
|   ;
|   return 0;
| }
configure:17472: result: libraries /usr/X11/lib, headers 
configure:17492: checking whether -R must be followed by a space
configure:17508: cc -std=gnu99 -o conftest -arch i386 -Wall -W -arch i386 -arch i386 conftest.c -lz -lc  -R/usr/X11/lib >&5
configure:17508: $? = 0
configure:17509: result: no
configure:17571: cc -std=gnu99 -o conftest -arch i386 -Wall -W -arch i386 -arch i386 conftest.c -lz -lc   -L/usr/X11/lib -R/usr/X11/lib -lX11 >&5
configure:17571: $? = 0
configure:17669: checking for gethostbyname
configure:17669: cc -std=gnu99 -o conftest -arch i386 -Wall -W -arch i386 -arch i386 conftest.c -lz -lc  >&5
configure:17669: $? = 0
configure:17669: result: yes
configure:17766: checking for connect
configure:17766: cc -std=gnu99 -o conftest -arch i386 -Wall -W -arch i386 -arch i386 conftest.c -lz -lc  >&5
configure:17766: $? = 0
configure:17766: result: yes
configure:17815: checking for remove
configure:17815: cc -std=gnu99 -o conftest -arch i386 -Wall -W -arch i386 -arch i386 conftest.c -lz -lc  >&5
configure:17815: $? = 0
configure:17815: result: yes
configure:17864: checking for shmat
configure:17864: cc -std=gnu99 -o conftest -arch i386 -Wall -W -arch i386 -arch i386 conftest.c -lz -lc  >&5
configure:17864: $? = 0
configure:17864: result: yes
configure:17922: checking for IceConnectionNumber in -lICE
configure:17947: cc -std=gnu99 -o conftest -arch i386 -Wall -W -arch i386 -arch i386 -L/usr/X11/lib conftest.c -lICE  -lz -lc  >&5
configure:17947: $? = 0
configure:17956: result: yes
configure:18131: checking for the pthreads library -lpthreads
configure:18164: cc -std=gnu99 -o conftest -arch i386 -Wall -W  -arch i386 -arch i386 conftest.c -lpthreads -lz -lc  >&5
ld: library not found for -lpthreads
collect2: ld returned 1 exit status
configure:18164: $? = 1
configure: failed program was:
| /* confdefs.h */
| #define PACKAGE_NAME "LibTIFF Software"
| #define PACKAGE_TARNAME "tiff"
| #define PACKAGE_VERSION "3.9.4"
| #define PACKAGE_STRING "LibTIFF Software 3.9.4"
| #define PACKAGE_BUGREPORT "tiff@lists.maptools.org"
| #define PACKAGE_URL ""
| #define PACKAGE "tiff"
| #define VERSION "3.9.4"
| #define STDC_HEADERS 1
| #define HAVE_SYS_TYPES_H 1
| #define HAVE_SYS_STAT_H 1
| #define HAVE_STDLIB_H 1
| #define HAVE_STRING_H 1
| #define HAVE_MEMORY_H 1
| #define HAVE_STRINGS_H 1
| #define HAVE_INTTYPES_H 1
| #define HAVE_STDINT_H 1
| #define HAVE_UNISTD_H 1
| #define HAVE_DLFCN_H 1
| #define LT_OBJDIR ".libs/"
| #define HAVE_LIBC 1
| #define HAVE_ASSERT_H 1
| #define HAVE_FCNTL_H 1
| #define HAVE_LIMITS_H 1
| #define HAVE_SEARCH_H 1
| #define HAVE_SYS_TIME_H 1
| #define HAVE_UNISTD_H 1
| #define SIZEOF_INT 4
| #define SIZEOF_LONG 4
| #define TIME_WITH_SYS_TIME 1
| #define SIZEOF_SIGNED_LONG 4
| #define SIZEOF_UNSIGNED_LONG 4
| #define SIZEOF_SIGNED_LONG_LONG 8
| #define SIZEOF_UNSIGNED_LONG_LONG 8
| #define TIFF_INT64_T signed long long
| #define TIFF_INT64_FORMAT "%lld"
| #define TIFF_UINT64_T unsigned long long
| #define TIFF_UINT64_FORMAT "%llu"
| #define HAVE_FLOOR 1
| #define HAVE_ISASCII 1
| #define HAVE_MEMMOVE 1
| #define HAVE_MEMSET 1
| #define HAVE_MMAP 1
| #define HAVE_POW 1
| #define HAVE_SETMODE 1
| #define HAVE_SQRT 1
| #define HAVE_STRCHR 1
| #define HAVE_STRRCHR 1
| #define HAVE_STRSTR 1
| #define HAVE_STRTOL 1
| #define HAVE_GETOPT 1
| #define HAVE_STRCASECMP 1
| #define HAVE_STRTOUL 1
| #define HAVE_LFIND 1
| #define HOST_FILLORDER FILLORDER_LSB2MSB
| #define HOST_BIGENDIAN 0
| #define HAVE_IEEEFP 1
| #define CCITT_SUPPORT 1
| #define PACKBITS_SUPPORT 1
| #define LZW_SUPPORT 1
| #define THUNDER_SUPPORT 1
| #define NEXT_SUPPORT 1
| #define LOGLUV_SUPPORT 1
| #define MDI_SUPPORT 1
| #define ZIP_SUPPORT 1
| #define CXX_SUPPORT 1
| /* end confdefs.h.  */
| #include <pthread.h>
| int
| main ()
| {
| pthread_t th; pthread_join(th, 0);
|                      pthread_attr_init(0); pthread_cleanup_push(0, 0);
|                      pthread_create(0,0,0,0); pthread_cleanup_pop(0);
|   ;
|   return 0;
| }
configure:18173: result: no
configure:18076: checking whether pthreads work without any flags
configure:18164: cc -std=gnu99 -o conftest -arch i386 -Wall -W  -arch i386 -arch i386 conftest.c  -lz -lc  >&5
configure:18164: $? = 0
configure:18173: result: yes
configure:18192: checking for joinable pthread attribute
configure:18207: cc -std=gnu99 -o conftest -arch i386 -Wall -W  -arch i386 -arch i386 conftest.c  -lz -lc  >&5
conftest.c: In function 'main':
conftest.c:73: warning: unused variable 'attr'
configure:18207: $? = 0
configure:18213: result: PTHREAD_CREATE_JOINABLE
configure:18223: checking if more special flags are required for pthreads
configure:18230: result: -D_THREAD_SAFE
configure:18242: checking for cc_r
configure:18270: result: cc -std=gnu99
configure:18867: creating ./config.status

## ---------------------- ##
## Running config.status. ##
## ---------------------- ##

This file was extended by LibTIFF Software config.status 3.9.4, which was
generated by GNU Autoconf 2.65.  Invocation command line was

  CONFIG_FILES    = 
  CONFIG_HEADERS  = 
  CONFIG_LINKS    = 
  CONFIG_COMMANDS = 
  $ ./config.status 

on ma013239.ads.eso.org

config.status:1246: creating Makefile
config.status:1246: creating build/Makefile
config.status:1246: creating contrib/Makefile
config.status:1246: creating contrib/acorn/Makefile
config.status:1246: creating contrib/addtiffo/Makefile
config.status:1246: creating contrib/dbs/Makefile
config.status:1246: creating contrib/dbs/xtiff/Makefile
config.status:1246: creating contrib/iptcutil/Makefile
config.status:1246: creating contrib/mac-cw/Makefile
config.status:1246: creating contrib/mac-mpw/Makefile
config.status:1246: creating contrib/mfs/Makefile
config.status:1246: creating contrib/pds/Makefile
config.status:1246: creating contrib/ras/Makefile
config.status:1246: creating contrib/stream/Makefile
config.status:1246: creating contrib/tags/Makefile
config.status:1246: creating contrib/win_dib/Makefile
config.status:1246: creating html/Makefile
config.status:1246: creating html/images/Makefile
config.status:1246: creating html/man/Makefile
config.status:1246: creating libtiff/Makefile
config.status:1246: creating man/Makefile
config.status:1246: creating port/Makefile
config.status:1246: creating test/Makefile
config.status:1246: creating tools/Makefile
config.status:1246: creating libtiff/tif_config.h
config.status:1246: creating libtiff/tiffconf.h
config.status:1466: executing depfiles commands
config.status:1466: executing libtool commands

## ---------------- ##
## Cache variables. ##
## ---------------- ##

ac_cv_build=i386-apple-darwin10.4.0
ac_cv_c_bigendian=no
ac_cv_c_compiler_gnu=yes
ac_cv_c_const=yes
ac_cv_c_inline=inline
ac_cv_cxx_compiler_gnu=yes
ac_cv_env_CCC_set=
ac_cv_env_CCC_value=
ac_cv_env_CC_set=set
ac_cv_env_CC_value=cc
ac_cv_env_CFLAGS_set=set
ac_cv_env_CFLAGS_value='-arch i386'
ac_cv_env_CPPFLAGS_set=set
ac_cv_env_CPPFLAGS_value='-arch i386'
ac_cv_env_CPP_set=
ac_cv_env_CPP_value=
ac_cv_env_CXXCPP_set=
ac_cv_env_CXXCPP_value=
ac_cv_env_CXXFLAGS_set=
ac_cv_env_CXXFLAGS_value=
ac_cv_env_CXX_set=
ac_cv_env_CXX_value=
ac_cv_env_LDFLAGS_set=set
ac_cv_env_LDFLAGS_value='-arch i386'
ac_cv_env_LIBS_set=
ac_cv_env_LIBS_value=
ac_cv_env_XMKMF_set=
ac_cv_env_XMKMF_value=
ac_cv_env_build_alias_set=
ac_cv_env_build_alias_value=
ac_cv_env_host_alias_set=
ac_cv_env_host_alias_value=
ac_cv_env_target_alias_set=
ac_cv_env_target_alias_value=
ac_cv_func_connect=yes
ac_cv_func_floor=yes
ac_cv_func_gethostbyname=yes
ac_cv_func_getopt=yes
ac_cv_func_isascii=yes
ac_cv_func_lfind=yes
ac_cv_func_memmove=yes
ac_cv_func_memset=yes
ac_cv_func_mmap=yes
ac_cv_func_pow=yes
ac_cv_func_remove=yes
ac_cv_func_setmode=yes
ac_cv_func_shmat=yes
ac_cv_func_sqrt=yes
ac_cv_func_strcasecmp=yes
ac_cv_func_strchr=yes
ac_cv_func_strrchr=yes
ac_cv_func_strstr=yes
ac_cv_func_strtol=yes
ac_cv_func_strtoul=yes
ac_cv_have_x='have_x=yes	ac_x_includes='\'''\''	ac_x_libraries='\''/usr/X11/lib'\'''
ac_cv_header_assert_h=yes
ac_cv_header_dlfcn_h=yes
ac_cv_header_fcntl_h=yes
ac_cv_header_inttypes_h=yes
ac_cv_header_io_h=no
ac_cv_header_jbig_h=no
ac_cv_header_jpeglib_h=no
ac_cv_header_limits_h=yes
ac_cv_header_malloc_h=no
ac_cv_header_memory_h=yes
ac_cv_header_search_h=yes
ac_cv_header_stdc=yes
ac_cv_header_stdint_h=yes
ac_cv_header_stdlib_h=yes
ac_cv_header_string_h=yes
ac_cv_header_strings_h=yes
ac_cv_header_sys_stat_h=yes
ac_cv_header_sys_time_h=yes
ac_cv_header_sys_types_h=yes
ac_cv_header_time=yes
ac_cv_header_unistd_h=yes
ac_cv_header_zlib_h=yes
ac_cv_host=i386-apple-darwin10.4.0
ac_cv_lib_ICE_IceConnectionNumber=yes
ac_cv_lib_c_main=yes
ac_cv_lib_jbig_jbg_dec_init=no
ac_cv_lib_jpeg_jpeg_read_scanlines=no
ac_cv_lib_z_inflateEnd=yes
ac_cv_objext=o
ac_cv_path_EGREP='/usr/bin/grep -E'
ac_cv_path_FGREP='/usr/bin/grep -F'
ac_cv_path_GREP=/usr/bin/grep
ac_cv_path_SED=/usr/bin/sed
ac_cv_path_install='/opt/local/bin/ginstall -c'
ac_cv_path_mkdir=/opt/local/bin/gmkdir
ac_cv_prog_AWK=gawk
ac_cv_prog_CPP='cc -std=gnu99 -E'
ac_cv_prog_CXXCPP='g++ -E'
ac_cv_prog_PTHREAD_CC='cc -std=gnu99'
ac_cv_prog_ac_ct_AR=ar
ac_cv_prog_ac_ct_CC=cc
ac_cv_prog_ac_ct_CXX=g++
ac_cv_prog_ac_ct_DSYMUTIL=dsymutil
ac_cv_prog_ac_ct_LIPO=lipo
ac_cv_prog_ac_ct_NMEDIT=nmedit
ac_cv_prog_ac_ct_OTOOL=otool
ac_cv_prog_ac_ct_RANLIB=ranlib
ac_cv_prog_ac_ct_STRIP=strip
ac_cv_prog_cc_c89=
ac_cv_prog_cc_c99=-std=gnu99
ac_cv_prog_cc_cc_c_o=yes
ac_cv_prog_cc_g=yes
ac_cv_prog_cc_stdc=-std=gnu99
ac_cv_prog_cxx_g=yes
ac_cv_prog_make_make_set=yes
ac_cv_sizeof_int=4
ac_cv_sizeof_long=4
ac_cv_sizeof_signed_long=4
ac_cv_sizeof_signed_long_long=8
ac_cv_sizeof_unsigned_long=4
ac_cv_sizeof_unsigned_long_long=8
ac_cv_struct_tm=time.h
ac_cv_sys_file_offset_bits=no
ac_cv_sys_largefile_CC=no
ac_cv_target=i386-apple-darwin10.4.0
ac_cv_type_int16=no
ac_cv_type_int32=no
ac_cv_type_int8=no
ac_cv_type_off_t=yes
ac_cv_type_size_t=yes
am_cv_CC_dependencies_compiler_type=gcc3
am_cv_CXX_dependencies_compiler_type=gcc3
lt_cv_apple_cc_single_mod=yes
lt_cv_deplibs_check_method=pass_all
lt_cv_file_magic_cmd='$MAGIC_CMD'
lt_cv_file_magic_test_file=
lt_cv_ld_exported_symbols_list=yes
lt_cv_ld_force_load=yes
lt_cv_ld_reload_flag=-r
lt_cv_nm_interface='BSD nm'
lt_cv_objdir=.libs
lt_cv_path_LD=/usr/libexec/gcc/i686-apple-darwin10/4.2.1/ld
lt_cv_path_LDCXX=/usr/libexec/gcc/i686-apple-darwin10/4.2.1/ld
lt_cv_path_NM=/usr/bin/nm
lt_cv_prog_compiler_c_o=yes
lt_cv_prog_compiler_c_o_CXX=yes
lt_cv_prog_compiler_pic_works=yes
lt_cv_prog_compiler_pic_works_CXX=yes
lt_cv_prog_compiler_rtti_exceptions=no
lt_cv_prog_compiler_static_works=no
lt_cv_prog_compiler_static_works_CXX=no
lt_cv_prog_gnu_ld=no
lt_cv_prog_gnu_ldcxx=no
lt_cv_sys_global_symbol_pipe='sed -n -e '\''s/^.*[	 ]\([BCDEGRST][BCDEGRST]*\)[	 ][	 ]*_\([_A-Za-z][_A-Za-z0-9]*\)$/\1 _\2 \2/p'\'''
lt_cv_sys_global_symbol_to_c_name_address='sed -n -e '\''s/^: \([^ ]*\) $/  {\"\1\", (void *) 0},/p'\'' -e '\''s/^[BCDEGRST]* \([^ ]*\) \([^ ]*\)$/  {"\2", (void *) \&\2},/p'\'''
lt_cv_sys_global_symbol_to_c_name_address_lib_prefix='sed -n -e '\''s/^: \([^ ]*\) $/  {\"\1\", (void *) 0},/p'\'' -e '\''s/^[BCDEGRST]* \([^ ]*\) \(lib[^ ]*\)$/  {"\2", (void *) \&\2},/p'\'' -e '\''s/^[BCDEGRST]* \([^ ]*\) \([^ ]*\)$/  {"lib\2", (void *) \&\2},/p'\'''
lt_cv_sys_global_symbol_to_cdecl='sed -n -e '\''s/^T .* \(.*\)$/extern int \1();/p'\'' -e '\''s/^[BCDEGRST]* .* \(.*\)$/extern char \1;/p'\'''
lt_cv_sys_max_cmd_len=196608
vl_cv_prog_cc_warnings='-Wall -W'

## ----------------- ##
## Output variables. ##
## ----------------- ##

ACLOCAL='${SHELL} /Users/lnielsen/Projects/FITS_Liberator/Source/liberator/libtiff/library/config/missing --run aclocal-1.11'
AMDEPBACKSLASH='\'
AMDEP_FALSE='#'
AMDEP_TRUE=''
AMTAR='${SHELL} /Users/lnielsen/Projects/FITS_Liberator/Source/liberator/libtiff/library/config/missing --run tar'
AM_BACKSLASH='\'
AM_DEFAULT_VERBOSITY='1'
AR='ar'
AS='as'
AUTOCONF='${SHELL} /Users/lnielsen/Projects/FITS_Liberator/Source/liberator/libtiff/library/config/missing --run autoconf'
AUTOHEADER='${SHELL} /Users/lnielsen/Projects/FITS_Liberator/Source/liberator/libtiff/library/config/missing --run autoheader'
AUTOMAKE='${SHELL} /Users/lnielsen/Projects/FITS_Liberator/Source/liberator/libtiff/library/config/missing --run automake-1.11'
AWK='gawk'
CC='cc -std=gnu99'
CCDEPMODE='depmode=gcc3'
CFLAGS='-arch i386 -Wall -W'
CPP='cc -std=gnu99 -E'
CPPFLAGS='-arch i386'
CXX='g++'
CXXCPP='g++ -E'
CXXDEPMODE='depmode=gcc3'
CXXFLAGS='-g -O2'
CYGPATH_W='echo'
DEFS='-DHAVE_CONFIG_H'
DEPDIR='.deps'
DLLTOOL='dlltool'
DSYMUTIL='dsymutil'
DUMPBIN=''
ECHO_C='\c'
ECHO_N=''
ECHO_T=''
EGREP='/usr/bin/grep -E'
EXEEXT=''
FGREP='/usr/bin/grep -F'
GLUT_CFLAGS=''
GLUT_LIBS='-framework GLUT -lobjc -framework OpenGL'
GLU_CFLAGS=''
GLU_LIBS=''
GL_CFLAGS=''
GL_LIBS='-framework OpenGL'
GREP='/usr/bin/grep'
HAVE_CXX_FALSE='#'
HAVE_CXX_TRUE=''
HAVE_OPENGL_FALSE='#'
HAVE_OPENGL_TRUE=''
HAVE_RPATH_FALSE=''
HAVE_RPATH_TRUE='#'
INSTALL_DATA='${INSTALL} -m 644'
INSTALL_PROGRAM='${INSTALL}'
INSTALL_SCRIPT='${INSTALL}'
INSTALL_STRIP_PROGRAM='$(install_sh) -c -s'
LD='/usr/libexec/gcc/i686-apple-darwin10/4.2.1/ld'
LDFLAGS='-arch i386'
LIBDIR=''
LIBOBJS=''
LIBS='-lz -lc '
LIBTIFF_ALPHA_VERSION=''
LIBTIFF_DOCDIR='${prefix}/share/doc/tiff-3.9.4'
LIBTIFF_MAJOR_VERSION='3'
LIBTIFF_MICRO_VERSION='4'
LIBTIFF_MINOR_VERSION='9'
LIBTIFF_RELEASE_DATE='20100913'
LIBTIFF_VERSION='3.9.4'
LIBTIFF_VERSION_INFO='3:9:4'
LIBTOOL='$(SHELL) $(top_builddir)/libtool'
LIPO='lipo'
LN_S='ln -s'
LTLIBOBJS=''
MAINT='#'
MAINTAINER_MODE_FALSE=''
MAINTAINER_MODE_TRUE='#'
MAKEINFO='${SHELL} /Users/lnielsen/Projects/FITS_Liberator/Source/liberator/libtiff/library/config/missing --run makeinfo'
MKDIR_P='/opt/local/bin/gmkdir -p'
NM='/usr/bin/nm'
NMEDIT='nmedit'
OBJDUMP='false'
OBJEXT='o'
OTOOL64=':'
OTOOL='otool'
PACKAGE='tiff'
PACKAGE_BUGREPORT='tiff@lists.maptools.org'
PACKAGE_NAME='LibTIFF Software'
PACKAGE_STRING='LibTIFF Software 3.9.4'
PACKAGE_TARNAME='tiff'
PACKAGE_URL=''
PACKAGE_VERSION='3.9.4'
PATH_SEPARATOR=':'
PTHREAD_CC='cc -std=gnu99'
PTHREAD_CFLAGS='-D_THREAD_SAFE '
PTHREAD_LIBS=''
RANLIB='ranlib'
SED='/usr/bin/sed'
SET_MAKE=''
SHELL='/bin/sh'
STRIP='strip'
VERSION='3.9.4'
XMKMF=''
X_CFLAGS=''
X_EXTRA_LIBS=''
X_LIBS=' -L/usr/X11/lib -R/usr/X11/lib'
X_PRE_LIBS=' -lSM -lICE'
ac_ct_CC='cc'
ac_ct_CXX='g++'
ac_ct_DUMPBIN=''
acx_pthread_config=''
am__EXEEXT_FALSE=''
am__EXEEXT_TRUE='#'
am__fastdepCC_FALSE='#'
am__fastdepCC_TRUE=''
am__fastdepCXX_FALSE='#'
am__fastdepCXX_TRUE=''
am__include='include'
am__isrc=''
am__leading_dot='.'
am__quote=''
am__tar='${AMTAR} chof - "$$tardir"'
am__untar='${AMTAR} xf -'
bindir='${exec_prefix}/bin'
build='i386-apple-darwin10.4.0'
build_alias=''
build_cpu='i386'
build_os='darwin10.4.0'
build_vendor='apple'
datadir='${datarootdir}'
datarootdir='${prefix}/share'
docdir='${datarootdir}/doc/${PACKAGE_TARNAME}'
dvidir='${docdir}'
exec_prefix='${prefix}'
host='i386-apple-darwin10.4.0'
host_alias=''
host_cpu='i386'
host_os='darwin10.4.0'
host_vendor='apple'
htmldir='${docdir}'
includedir='${prefix}/include'
infodir='${datarootdir}/info'
install_sh='${SHELL} /Users/lnielsen/Projects/FITS_Liberator/Source/liberator/libtiff/library/config/install-sh'
libdir='${exec_prefix}/lib'
libexecdir='${exec_prefix}/libexec'
localedir='${datarootdir}/locale'
localstatedir='${prefix}/var'
mandir='${datarootdir}/man'
mkdir_p='/opt/local/bin/gmkdir -p'
oldincludedir='/usr/include'
pdfdir='${docdir}'
prefix='/usr/local'
program_transform_name='s,x,x,'
psdir='${docdir}'
sbindir='${exec_prefix}/sbin'
sharedstatedir='${prefix}/com'
sysconfdir='${prefix}/etc'
target='i386-apple-darwin10.4.0'
target_alias=''
target_cpu='i386'
target_os='darwin10.4.0'
target_vendor='apple'

## ----------- ##
## confdefs.h. ##
## ----------- ##

/* confdefs.h */
#define PACKAGE_NAME "LibTIFF Software"
#define PACKAGE_TARNAME "tiff"
#define PACKAGE_VERSION "3.9.4"
#define PACKAGE_STRING "LibTIFF Software 3.9.4"
#define PACKAGE_BUGREPORT "tiff@lists.maptools.org"
#define PACKAGE_URL ""
#define PACKAGE "tiff"
#define VERSION "3.9.4"
#define STDC_HEADERS 1
#define HAVE_SYS_TYPES_H 1
#define HAVE_SYS_STAT_H 1
#define HAVE_STDLIB_H 1
#define HAVE_STRING_H 1
#define HAVE_MEMORY_H 1
#define HAVE_STRINGS_H 1
#define HAVE_INTTYPES_H 1
#define HAVE_STDINT_H 1
#define HAVE_UNISTD_H 1
#define HAVE_DLFCN_H 1
#define LT_OBJDIR ".libs/"
#define HAVE_LIBC 1
#define HAVE_ASSERT_H 1
#define HAVE_FCNTL_H 1
#define HAVE_LIMITS_H 1
#define HAVE_SEARCH_H 1
#define HAVE_SYS_TIME_H 1
#define HAVE_UNISTD_H 1
#define SIZEOF_INT 4
#define SIZEOF_LONG 4
#define TIME_WITH_SYS_TIME 1
#define SIZEOF_SIGNED_LONG 4
#define SIZEOF_UNSIGNED_LONG 4
#define SIZEOF_SIGNED_LONG_LONG 8
#define SIZEOF_UNSIGNED_LONG_LONG 8
#define TIFF_INT64_T signed long long
#define TIFF_INT64_FORMAT "%lld"
#define TIFF_UINT64_T unsigned long long
#define TIFF_UINT64_FORMAT "%llu"
#define HAVE_FLOOR 1
#define HAVE_ISASCII 1
#define HAVE_MEMMOVE 1
#define HAVE_MEMSET 1
#define HAVE_MMAP 1
#define HAVE_POW 1
#define HAVE_SETMODE 1
#define HAVE_SQRT 1
#define HAVE_STRCHR 1
#define HAVE_STRRCHR 1
#define HAVE_STRSTR 1
#define HAVE_STRTOL 1
#define HAVE_GETOPT 1
#define HAVE_STRCASECMP 1
#define HAVE_STRTOUL 1
#define HAVE_LFIND 1
#define HOST_FILLORDER FILLORDER_LSB2MSB
#define HOST_BIGENDIAN 0
#define HAVE_IEEEFP 1
#define CCITT_SUPPORT 1
#define PACKBITS_SUPPORT 1
#define LZW_SUPPORT 1
#define THUNDER_SUPPORT 1
#define NEXT_SUPPORT 1
#define LOGLUV_SUPPORT 1
#define MDI_SUPPORT 1
#define ZIP_SUPPORT 1
#define CXX_SUPPORT 1
#define HAVE_PTHREAD 1
#define HAVE_APPLE_OPENGL_FRAMEWORK 1
#define STRIPCHOP_DEFAULT TIFF_STRIPCHOP
#define STRIP_SIZE_DEFAULT 8192
#define SUBIFD_SUPPORT 1
#define DEFAULT_EXTRASAMPLE_AS_ALPHA 1
#define CHECK_JPEG_YCBCR_SUBSAMPLING 1

configure: exit 0
